This file contains any messages produced by compilers while
running configure, to aid debugging if configure makes a mistake.

It was created by watchman configure 4.9.0, which was
generated by GNU Autoconf 2.69.  Invocation command line was

  $ ./configure 

## --------- ##
## Platform. ##
## --------- ##

hostname = deedat5-HP-ProBook-4340s
uname -m = x86_64
uname -r = 5.3.0-46-generic
uname -s = Linux
uname -v = #38~18.04.1-Ubuntu SMP Tue Mar 31 04:17:56 UTC 2020

/usr/bin/uname -p = unknown
/bin/uname -X     = unknown

/bin/arch              = unknown
/usr/bin/arch -k       = unknown
/usr/convex/getsysinfo = unknown
/usr/bin/hostinfo      = unknown
/bin/machine           = unknown
/usr/bin/oslevel       = unknown
/bin/universe          = unknown

PATH: /usr/local/sbin
PATH: /usr/local/bin
PATH: /usr/sbin
PATH: /usr/bin
PATH: /sbin
PATH: /bin
PATH: /usr/games
PATH: /usr/local/games
PATH: /snap/bin


## ----------- ##
## Core tests. ##
## ----------- ##

configure:2568: checking build system type
configure:2582: result: x86_64-pc-linux-gnu
configure:2602: checking host system type
configure:2615: result: x86_64-pc-linux-gnu
configure:2635: checking target system type
configure:2648: result: x86_64-pc-linux-gnu
configure:2690: checking for a BSD-compatible install
configure:2758: result: /usr/bin/install -c
configure:2769: checking whether build environment is sane
configure:2824: result: yes
configure:2975: checking for a thread-safe mkdir -p
configure:3014: result: /bin/mkdir -p
configure:3021: checking for gawk
configure:3051: result: no
configure:3021: checking for mawk
configure:3037: found /usr/bin/mawk
configure:3048: result: mawk
configure:3059: checking whether make sets $(MAKE)
configure:3081: result: yes
configure:3110: checking whether make supports nested variables
configure:3127: result: yes
configure:3264: checking whether make supports nested variables
configure:3281: result: yes
configure:3352: checking for gcc
configure:3368: found /usr/bin/gcc
configure:3379: result: gcc
configure:3608: checking for C compiler version
configure:3617: gcc --version >&5
gcc (Ubuntu 7.5.0-3ubuntu1~18.04) 7.5.0
Copyright (C) 2017 Free Software Foundation, Inc.
This is free software; see the source for copying conditions.  There is NO
warranty; not even for MERCHANTABILITY or FITNESS FOR A PARTICULAR PURPOSE.

configure:3628: $? = 0
configure:3617: gcc -v >&5
Using built-in specs.
COLLECT_GCC=gcc
COLLECT_LTO_WRAPPER=/usr/lib/gcc/x86_64-linux-gnu/7/lto-wrapper
OFFLOAD_TARGET_NAMES=nvptx-none
OFFLOAD_TARGET_DEFAULT=1
Target: x86_64-linux-gnu
Configured with: ../src/configure -v --with-pkgversion='Ubuntu 7.5.0-3ubuntu1~18.04' --with-bugurl=file:///usr/share/doc/gcc-7/README.Bugs --enable-languages=c,ada,c++,go,brig,d,fortran,objc,obj-c++ --prefix=/usr --with-gcc-major-version-only --program-suffix=-7 --program-prefix=x86_64-linux-gnu- --enable-shared --enable-linker-build-id --libexecdir=/usr/lib --without-included-gettext --enable-threads=posix --libdir=/usr/lib --enable-nls --enable-bootstrap --enable-clocale=gnu --enable-libstdcxx-debug --enable-libstdcxx-time=yes --with-default-libstdcxx-abi=new --enable-gnu-unique-object --disable-vtable-verify --enable-libmpx --enable-plugin --enable-default-pie --with-system-zlib --with-target-system-zlib --enable-objc-gc=auto --enable-multiarch --disable-werror --with-arch-32=i686 --with-abi=m64 --with-multilib-list=m32,m64,mx32 --enable-multilib --with-tune=generic --enable-offload-targets=nvptx-none --without-cuda-driver --enable-checking=release --build=x86_64-linux-gnu --host=x86_64-linux-gnu --target=x86_64-linux-gnu
Thread model: posix
gcc version 7.5.0 (Ubuntu 7.5.0-3ubuntu1~18.04) 
configure:3628: $? = 0
configure:3617: gcc -V >&5
gcc: error: unrecognized command line option '-V'
gcc: fatal error: no input files
compilation terminated.
configure:3628: $? = 1
configure:3617: gcc -qversion >&5
gcc: error: unrecognized command line option '-qversion'; did you mean '--version'?
gcc: fatal error: no input files
compilation terminated.
configure:3628: $? = 1
configure:3648: checking whether the C compiler works
configure:3670: gcc   -D_REENTRANT -D_FILE_OFFSET_BITS=64 -D_LARGEFILE_SOURCE  conftest.c  >&5
configure:3674: $? = 0
configure:3722: result: yes
configure:3725: checking for C compiler default output file name
configure:3727: result: a.out
configure:3733: checking for suffix of executables
configure:3740: gcc -o conftest   -D_REENTRANT -D_FILE_OFFSET_BITS=64 -D_LARGEFILE_SOURCE  conftest.c  >&5
configure:3744: $? = 0
configure:3766: result: 
configure:3788: checking whether we are cross compiling
configure:3796: gcc -o conftest   -D_REENTRANT -D_FILE_OFFSET_BITS=64 -D_LARGEFILE_SOURCE  conftest.c  >&5
configure:3800: $? = 0
configure:3807: ./conftest
configure:3811: $? = 0
configure:3826: result: no
configure:3831: checking for suffix of object files
configure:3853: gcc -c   -D_REENTRANT -D_FILE_OFFSET_BITS=64 -D_LARGEFILE_SOURCE conftest.c >&5
configure:3857: $? = 0
configure:3878: result: o
configure:3882: checking whether we are using the GNU C compiler
configure:3901: gcc -c   -D_REENTRANT -D_FILE_OFFSET_BITS=64 -D_LARGEFILE_SOURCE conftest.c >&5
configure:3901: $? = 0
configure:3910: result: yes
configure:3919: checking whether gcc accepts -g
configure:3939: gcc -c -g  -D_REENTRANT -D_FILE_OFFSET_BITS=64 -D_LARGEFILE_SOURCE conftest.c >&5
configure:3939: $? = 0
configure:3980: result: yes
configure:3997: checking for gcc option to accept ISO C89
configure:4060: gcc  -c -g -O2  -D_REENTRANT -D_FILE_OFFSET_BITS=64 -D_LARGEFILE_SOURCE conftest.c >&5
configure:4060: $? = 0
configure:4073: result: none needed
configure:4098: checking whether gcc understands -c and -o together
configure:4120: gcc -c conftest.c -o conftest2.o
configure:4123: $? = 0
configure:4120: gcc -c conftest.c -o conftest2.o
configure:4123: $? = 0
configure:4135: result: yes
configure:4163: checking for style of include used by make
configure:4191: result: GNU
configure:4217: checking dependency style of gcc
configure:4328: result: gcc3
configure:4401: checking for g++
configure:4417: found /usr/bin/g++
configure:4428: result: g++
configure:4455: checking for C++ compiler version
configure:4464: g++ --version >&5
g++ (Ubuntu 7.5.0-3ubuntu1~18.04) 7.5.0
Copyright (C) 2017 Free Software Foundation, Inc.
This is free software; see the source for copying conditions.  There is NO
warranty; not even for MERCHANTABILITY or FITNESS FOR A PARTICULAR PURPOSE.

configure:4475: $? = 0
configure:4464: g++ -v >&5
Using built-in specs.
COLLECT_GCC=g++
COLLECT_LTO_WRAPPER=/usr/lib/gcc/x86_64-linux-gnu/7/lto-wrapper
OFFLOAD_TARGET_NAMES=nvptx-none
OFFLOAD_TARGET_DEFAULT=1
Target: x86_64-linux-gnu
Configured with: ../src/configure -v --with-pkgversion='Ubuntu 7.5.0-3ubuntu1~18.04' --with-bugurl=file:///usr/share/doc/gcc-7/README.Bugs --enable-languages=c,ada,c++,go,brig,d,fortran,objc,obj-c++ --prefix=/usr --with-gcc-major-version-only --program-suffix=-7 --program-prefix=x86_64-linux-gnu- --enable-shared --enable-linker-build-id --libexecdir=/usr/lib --without-included-gettext --enable-threads=posix --libdir=/usr/lib --enable-nls --enable-bootstrap --enable-clocale=gnu --enable-libstdcxx-debug --enable-libstdcxx-time=yes --with-default-libstdcxx-abi=new --enable-gnu-unique-object --disable-vtable-verify --enable-libmpx --enable-plugin --enable-default-pie --with-system-zlib --with-target-system-zlib --enable-objc-gc=auto --enable-multiarch --disable-werror --with-arch-32=i686 --with-abi=m64 --with-multilib-list=m32,m64,mx32 --enable-multilib --with-tune=generic --enable-offload-targets=nvptx-none --without-cuda-driver --enable-checking=release --build=x86_64-linux-gnu --host=x86_64-linux-gnu --target=x86_64-linux-gnu
Thread model: posix
gcc version 7.5.0 (Ubuntu 7.5.0-3ubuntu1~18.04) 
configure:4475: $? = 0
configure:4464: g++ -V >&5
g++: error: unrecognized command line option '-V'
g++: fatal error: no input files
compilation terminated.
configure:4475: $? = 1
configure:4464: g++ -qversion >&5
g++: error: unrecognized command line option '-qversion'; did you mean '--version'?
g++: fatal error: no input files
compilation terminated.
configure:4475: $? = 1
configure:4479: checking whether we are using the GNU C++ compiler
configure:4498: g++ -c   -D_REENTRANT -D_FILE_OFFSET_BITS=64 -D_LARGEFILE_SOURCE conftest.cpp >&5
configure:4498: $? = 0
configure:4507: result: yes
configure:4516: checking whether g++ accepts -g
configure:4536: g++ -c -g  -D_REENTRANT -D_FILE_OFFSET_BITS=64 -D_LARGEFILE_SOURCE conftest.cpp >&5
configure:4536: $? = 0
configure:4577: result: yes
configure:4602: checking dependency style of g++
configure:4713: result: gcc3
configure:4736: checking whether g++ supports C++11 features by default
configure:5030: g++ -c -g -O2  -D_REENTRANT -D_FILE_OFFSET_BITS=64 -D_LARGEFILE_SOURCE conftest.cpp >&5
configure:5030: $? = 0
configure:5037: result: yes
configure:5393: checking how to run the C preprocessor
configure:5424: gcc -E  -D_REENTRANT -D_FILE_OFFSET_BITS=64 -D_LARGEFILE_SOURCE conftest.c
configure:5424: $? = 0
configure:5438: gcc -E  -D_REENTRANT -D_FILE_OFFSET_BITS=64 -D_LARGEFILE_SOURCE conftest.c
conftest.c:12:10: fatal error: ac_nonexistent.h: No such file or directory
 #include <ac_nonexistent.h>
          ^~~~~~~~~~~~~~~~~~
compilation terminated.
configure:5438: $? = 1
configure: failed program was:
| /* confdefs.h */
| #define PACKAGE_NAME "watchman"
| #define PACKAGE_TARNAME "watchman"
| #define PACKAGE_VERSION "4.9.0"
| #define PACKAGE_STRING "watchman 4.9.0"
| #define PACKAGE_BUGREPORT ""
| #define PACKAGE_URL ""
| #define PACKAGE "watchman"
| #define VERSION "4.9.0"
| #define HAVE_CXX11 1
| /* end confdefs.h.  */
| #include <ac_nonexistent.h>
configure:5463: result: gcc -E
configure:5483: gcc -E  -D_REENTRANT -D_FILE_OFFSET_BITS=64 -D_LARGEFILE_SOURCE conftest.c
configure:5483: $? = 0
configure:5497: gcc -E  -D_REENTRANT -D_FILE_OFFSET_BITS=64 -D_LARGEFILE_SOURCE conftest.c
conftest.c:12:10: fatal error: ac_nonexistent.h: No such file or directory
 #include <ac_nonexistent.h>
          ^~~~~~~~~~~~~~~~~~
compilation terminated.
configure:5497: $? = 1
configure: failed program was:
| /* confdefs.h */
| #define PACKAGE_NAME "watchman"
| #define PACKAGE_TARNAME "watchman"
| #define PACKAGE_VERSION "4.9.0"
| #define PACKAGE_STRING "watchman 4.9.0"
| #define PACKAGE_BUGREPORT ""
| #define PACKAGE_URL ""
| #define PACKAGE "watchman"
| #define VERSION "4.9.0"
| #define HAVE_CXX11 1
| /* end confdefs.h.  */
| #include <ac_nonexistent.h>
configure:5527: checking for grep that handles long lines and -e
configure:5585: result: /bin/grep
configure:5590: checking for egrep
configure:5652: result: /bin/grep -E
configure:5657: checking for ANSI C header files
configure:5677: gcc -c -g -O2  -D_REENTRANT -D_FILE_OFFSET_BITS=64 -D_LARGEFILE_SOURCE conftest.c >&5
configure:5677: $? = 0
configure:5750: gcc -o conftest -g -O2  -D_REENTRANT -D_FILE_OFFSET_BITS=64 -D_LARGEFILE_SOURCE  conftest.c  >&5
configure:5750: $? = 0
configure:5750: ./conftest
configure:5750: $? = 0
configure:5761: result: yes
configure:5774: checking for sys/types.h
configure:5774: gcc -c -g -O2  -D_REENTRANT -D_FILE_OFFSET_BITS=64 -D_LARGEFILE_SOURCE conftest.c >&5
configure:5774: $? = 0
configure:5774: result: yes
configure:5774: checking for sys/stat.h
configure:5774: gcc -c -g -O2  -D_REENTRANT -D_FILE_OFFSET_BITS=64 -D_LARGEFILE_SOURCE conftest.c >&5
configure:5774: $? = 0
configure:5774: result: yes
configure:5774: checking for stdlib.h
configure:5774: gcc -c -g -O2  -D_REENTRANT -D_FILE_OFFSET_BITS=64 -D_LARGEFILE_SOURCE conftest.c >&5
configure:5774: $? = 0
configure:5774: result: yes
configure:5774: checking for string.h
configure:5774: gcc -c -g -O2  -D_REENTRANT -D_FILE_OFFSET_BITS=64 -D_LARGEFILE_SOURCE conftest.c >&5
configure:5774: $? = 0
configure:5774: result: yes
configure:5774: checking for memory.h
configure:5774: gcc -c -g -O2  -D_REENTRANT -D_FILE_OFFSET_BITS=64 -D_LARGEFILE_SOURCE conftest.c >&5
configure:5774: $? = 0
configure:5774: result: yes
configure:5774: checking for strings.h
configure:5774: gcc -c -g -O2  -D_REENTRANT -D_FILE_OFFSET_BITS=64 -D_LARGEFILE_SOURCE conftest.c >&5
configure:5774: $? = 0
configure:5774: result: yes
configure:5774: checking for inttypes.h
configure:5774: gcc -c -g -O2  -D_REENTRANT -D_FILE_OFFSET_BITS=64 -D_LARGEFILE_SOURCE conftest.c >&5
configure:5774: $? = 0
configure:5774: result: yes
configure:5774: checking for stdint.h
configure:5774: gcc -c -g -O2  -D_REENTRANT -D_FILE_OFFSET_BITS=64 -D_LARGEFILE_SOURCE conftest.c >&5
configure:5774: $? = 0
configure:5774: result: yes
configure:5774: checking for unistd.h
configure:5774: gcc -c -g -O2  -D_REENTRANT -D_FILE_OFFSET_BITS=64 -D_LARGEFILE_SOURCE conftest.c >&5
configure:5774: $? = 0
configure:5774: result: yes
configure:5786: checking whether byte ordering is bigendian
configure:5801: gcc -c -g -O2  -D_REENTRANT -D_FILE_OFFSET_BITS=64 -D_LARGEFILE_SOURCE conftest.c >&5
conftest.c:23:9: error: unknown type name 'not'
         not a universal capable compiler
         ^~~
conftest.c:23:15: error: expected '=', ',', ';', 'asm' or '__attribute__' before 'universal'
         not a universal capable compiler
               ^~~~~~~~~
conftest.c:23:15: error: unknown type name 'universal'
configure:5801: $? = 1
configure: failed program was:
| /* confdefs.h */
| #define PACKAGE_NAME "watchman"
| #define PACKAGE_TARNAME "watchman"
| #define PACKAGE_VERSION "4.9.0"
| #define PACKAGE_STRING "watchman 4.9.0"
| #define PACKAGE_BUGREPORT ""
| #define PACKAGE_URL ""
| #define PACKAGE "watchman"
| #define VERSION "4.9.0"
| #define HAVE_CXX11 1
| #define STDC_HEADERS 1
| #define HAVE_SYS_TYPES_H 1
| #define HAVE_SYS_STAT_H 1
| #define HAVE_STDLIB_H 1
| #define HAVE_STRING_H 1
| #define HAVE_MEMORY_H 1
| #define HAVE_STRINGS_H 1
| #define HAVE_INTTYPES_H 1
| #define HAVE_STDINT_H 1
| #define HAVE_UNISTD_H 1
| /* end confdefs.h.  */
| #ifndef __APPLE_CC__
| 	       not a universal capable compiler
| 	     #endif
| 	     typedef int dummy;
| 
configure:5846: gcc -c -g -O2  -D_REENTRANT -D_FILE_OFFSET_BITS=64 -D_LARGEFILE_SOURCE conftest.c >&5
configure:5846: $? = 0
configure:5864: gcc -c -g -O2  -D_REENTRANT -D_FILE_OFFSET_BITS=64 -D_LARGEFILE_SOURCE conftest.c >&5
conftest.c: In function 'main':
conftest.c:29:4: error: unknown type name 'not'; did you mean 'ino_t'?
    not big endian
    ^~~
    ino_t
conftest.c:29:12: error: expected '=', ',', ';', 'asm' or '__attribute__' before 'endian'
    not big endian
            ^~~~~~
configure:5864: $? = 1
configure: failed program was:
| /* confdefs.h */
| #define PACKAGE_NAME "watchman"
| #define PACKAGE_TARNAME "watchman"
| #define PACKAGE_VERSION "4.9.0"
| #define PACKAGE_STRING "watchman 4.9.0"
| #define PACKAGE_BUGREPORT ""
| #define PACKAGE_URL ""
| #define PACKAGE "watchman"
| #define VERSION "4.9.0"
| #define HAVE_CXX11 1
| #define STDC_HEADERS 1
| #define HAVE_SYS_TYPES_H 1
| #define HAVE_SYS_STAT_H 1
| #define HAVE_STDLIB_H 1
| #define HAVE_STRING_H 1
| #define HAVE_MEMORY_H 1
| #define HAVE_STRINGS_H 1
| #define HAVE_INTTYPES_H 1
| #define HAVE_STDINT_H 1
| #define HAVE_UNISTD_H 1
| /* end confdefs.h.  */
| #include <sys/types.h>
| 		#include <sys/param.h>
| 
| int
| main ()
| {
| #if BYTE_ORDER != BIG_ENDIAN
| 		 not big endian
| 		#endif
| 
|   ;
|   return 0;
| }
configure:5992: result: no
configure:6010: checking for inline
configure:6026: gcc -c -g -O2  -D_REENTRANT -D_FILE_OFFSET_BITS=64 -D_LARGEFILE_SOURCE conftest.c >&5
configure:6026: $? = 0
configure:6034: result: inline
configure:6099: checking how to print strings
configure:6126: result: printf
configure:6147: checking for a sed that does not truncate output
configure:6211: result: /bin/sed
configure:6229: checking for fgrep
configure:6291: result: /bin/grep -F
configure:6326: checking for ld used by gcc
configure:6393: result: /usr/bin/ld
configure:6400: checking if the linker (/usr/bin/ld) is GNU ld
configure:6415: result: yes
configure:6427: checking for BSD- or MS-compatible name lister (nm)
configure:6481: result: /usr/bin/nm -B
configure:6611: checking the name lister (/usr/bin/nm -B) interface
configure:6618: gcc -c -g -O2  -D_REENTRANT -D_FILE_OFFSET_BITS=64 -D_LARGEFILE_SOURCE conftest.c >&5
configure:6621: /usr/bin/nm -B "conftest.o"
configure:6624: output
0000000000000000 B some_variable
configure:6631: result: BSD nm
configure:6634: checking whether ln -s works
configure:6638: result: yes
configure:6646: checking the maximum length of command line arguments
configure:6777: result: 1572864
configure:6825: checking how to convert x86_64-pc-linux-gnu file names to x86_64-pc-linux-gnu format
configure:6865: result: func_convert_file_noop
configure:6872: checking how to convert x86_64-pc-linux-gnu file names to toolchain format
configure:6892: result: func_convert_file_noop
configure:6899: checking for /usr/bin/ld option to reload object files
configure:6906: result: -r
configure:6980: checking for objdump
configure:6996: found /usr/bin/objdump
configure:7007: result: objdump
configure:7039: checking how to recognize dependent libraries
configure:7239: result: pass_all
configure:7324: checking for dlltool
configure:7354: result: no
configure:7384: checking how to associate runtime and link libraries
configure:7411: result: printf %s\n
configure:7471: checking for ar
configure:7487: found /usr/bin/ar
configure:7498: result: ar
configure:7535: checking for archiver @FILE support
configure:7552: gcc -c -g -O2  -D_REENTRANT -D_FILE_OFFSET_BITS=64 -D_LARGEFILE_SOURCE conftest.c >&5
configure:7552: $? = 0
configure:7555: ar cru libconftest.a @conftest.lst >&5
ar: `u' modifier ignored since `D' is the default (see `U')
configure:7558: $? = 0
configure:7563: ar cru libconftest.a @conftest.lst >&5
ar: `u' modifier ignored since `D' is the default (see `U')
ar: conftest.o: No such file or directory
configure:7566: $? = 1
configure:7578: result: @
configure:7636: checking for strip
configure:7652: found /usr/bin/strip
configure:7663: result: strip
configure:7735: checking for ranlib
configure:7751: found /usr/bin/ranlib
configure:7762: result: ranlib
configure:7864: checking command to parse /usr/bin/nm -B output from gcc object
configure:8017: gcc -c -g -O2  -D_REENTRANT -D_FILE_OFFSET_BITS=64 -D_LARGEFILE_SOURCE conftest.c >&5
configure:8020: $? = 0
configure:8024: /usr/bin/nm -B conftest.o \| sed -n -e 's/^.*[ ]\([ABCDGIRSTW][ABCDGIRSTW]*\)[ ][ ]*\([_A-Za-z][_A-Za-z0-9]*\)$/\1 \2 \2/p' | sed '/ __gnu_lto/d' \> conftest.nm
configure:8027: $? = 0
configure:8093: gcc -o conftest -g -O2  -D_REENTRANT -D_FILE_OFFSET_BITS=64 -D_LARGEFILE_SOURCE  conftest.c conftstm.o >&5
configure:8096: $? = 0
configure:8134: result: ok
configure:8181: checking for sysroot
configure:8211: result: no
configure:8218: checking for a working dd
configure:8256: result: /bin/dd
configure:8260: checking how to truncate binary pipes
configure:8275: result: /bin/dd bs=4096 count=1
configure:8411: gcc -c -g -O2  -D_REENTRANT -D_FILE_OFFSET_BITS=64 -D_LARGEFILE_SOURCE conftest.c >&5
configure:8414: $? = 0
configure:8604: checking for mt
configure:8620: found /bin/mt
configure:8631: result: mt
configure:8654: checking if mt is a manifest tool
configure:8660: mt '-?'
configure:8668: result: no
configure:9342: checking for dlfcn.h
configure:9342: gcc -c -g -O2  -D_REENTRANT -D_FILE_OFFSET_BITS=64 -D_LARGEFILE_SOURCE conftest.c >&5
configure:9342: $? = 0
configure:9342: result: yes
configure:9608: checking for objdir
configure:9623: result: .libs
configure:9887: checking if gcc supports -fno-rtti -fno-exceptions
configure:9905: gcc -c -g -O2  -D_REENTRANT -D_FILE_OFFSET_BITS=64 -D_LARGEFILE_SOURCE -fno-rtti -fno-exceptions conftest.c >&5
cc1: warning: command line option '-fno-rtti' is valid for C++/ObjC++ but not for C
configure:9909: $? = 0
configure:9922: result: no
configure:10280: checking for gcc option to produce PIC
configure:10287: result: -fPIC -DPIC
configure:10295: checking if gcc PIC flag -fPIC -DPIC works
configure:10313: gcc -c -g -O2  -D_REENTRANT -D_FILE_OFFSET_BITS=64 -D_LARGEFILE_SOURCE -fPIC -DPIC -DPIC conftest.c >&5
configure:10317: $? = 0
configure:10330: result: yes
configure:10359: checking if gcc static flag -static works
configure:10387: result: yes
configure:10402: checking if gcc supports -c -o file.o
configure:10423: gcc -c -g -O2  -D_REENTRANT -D_FILE_OFFSET_BITS=64 -D_LARGEFILE_SOURCE -o out/conftest2.o conftest.c >&5
configure:10427: $? = 0
configure:10449: result: yes
configure:10457: checking if gcc supports -c -o file.o
configure:10504: result: yes
configure:10537: checking whether the gcc linker (/usr/bin/ld -m elf_x86_64) supports shared libraries
configure:11800: result: yes
configure:11837: checking whether -lc should be explicitly linked in
configure:11845: gcc -c -g -O2  -D_REENTRANT -D_FILE_OFFSET_BITS=64 -D_LARGEFILE_SOURCE conftest.c >&5
configure:11848: $? = 0
configure:11863: gcc -shared  -fPIC -DPIC conftest.o  -v -Wl,-soname -Wl,conftest -o conftest 2\>\&1 \| /bin/grep  -lc  \>/dev/null 2\>\&1
configure:11866: $? = 0
configure:11880: result: no
configure:12040: checking dynamic linker characteristics
configure:12621: gcc -o conftest -g -O2  -D_REENTRANT -D_FILE_OFFSET_BITS=64 -D_LARGEFILE_SOURCE  -Wl,-rpath -Wl,/foo conftest.c  >&5
configure:12621: $? = 0
configure:12870: result: GNU/Linux ld.so
configure:12992: checking how to hardcode library paths into programs
configure:13017: result: immediate
configure:13565: checking whether stripping libraries is possible
configure:13570: result: yes
configure:13605: checking if libtool supports shared libraries
configure:13607: result: yes
configure:13610: checking whether to build shared libraries
configure:13635: result: yes
configure:13638: checking whether to build static libraries
configure:13642: result: yes
configure:13665: checking how to run the C++ preprocessor
configure:13692: g++ -E  -D_REENTRANT -D_FILE_OFFSET_BITS=64 -D_LARGEFILE_SOURCE conftest.cpp
configure:13692: $? = 0
configure:13706: g++ -E  -D_REENTRANT -D_FILE_OFFSET_BITS=64 -D_LARGEFILE_SOURCE conftest.cpp
conftest.cpp:24:10: fatal error: ac_nonexistent.h: No such file or directory
 #include <ac_nonexistent.h>
          ^~~~~~~~~~~~~~~~~~
compilation terminated.
configure:13706: $? = 1
configure: failed program was:
| /* confdefs.h */
| #define PACKAGE_NAME "watchman"
| #define PACKAGE_TARNAME "watchman"
| #define PACKAGE_VERSION "4.9.0"
| #define PACKAGE_STRING "watchman 4.9.0"
| #define PACKAGE_BUGREPORT ""
| #define PACKAGE_URL ""
| #define PACKAGE "watchman"
| #define VERSION "4.9.0"
| #define HAVE_CXX11 1
| #define STDC_HEADERS 1
| #define HAVE_SYS_TYPES_H 1
| #define HAVE_SYS_STAT_H 1
| #define HAVE_STDLIB_H 1
| #define HAVE_STRING_H 1
| #define HAVE_MEMORY_H 1
| #define HAVE_STRINGS_H 1
| #define HAVE_INTTYPES_H 1
| #define HAVE_STDINT_H 1
| #define HAVE_UNISTD_H 1
| #define HAVE_DLFCN_H 1
| #define LT_OBJDIR ".libs/"
| /* end confdefs.h.  */
| #include <ac_nonexistent.h>
configure:13731: result: g++ -E
configure:13751: g++ -E  -D_REENTRANT -D_FILE_OFFSET_BITS=64 -D_LARGEFILE_SOURCE conftest.cpp
configure:13751: $? = 0
configure:13765: g++ -E  -D_REENTRANT -D_FILE_OFFSET_BITS=64 -D_LARGEFILE_SOURCE conftest.cpp
conftest.cpp:24:10: fatal error: ac_nonexistent.h: No such file or directory
 #include <ac_nonexistent.h>
          ^~~~~~~~~~~~~~~~~~
compilation terminated.
configure:13765: $? = 1
configure: failed program was:
| /* confdefs.h */
| #define PACKAGE_NAME "watchman"
| #define PACKAGE_TARNAME "watchman"
| #define PACKAGE_VERSION "4.9.0"
| #define PACKAGE_STRING "watchman 4.9.0"
| #define PACKAGE_BUGREPORT ""
| #define PACKAGE_URL ""
| #define PACKAGE "watchman"
| #define VERSION "4.9.0"
| #define HAVE_CXX11 1
| #define STDC_HEADERS 1
| #define HAVE_SYS_TYPES_H 1
| #define HAVE_SYS_STAT_H 1
| #define HAVE_STDLIB_H 1
| #define HAVE_STRING_H 1
| #define HAVE_MEMORY_H 1
| #define HAVE_STRINGS_H 1
| #define HAVE_INTTYPES_H 1
| #define HAVE_STDINT_H 1
| #define HAVE_UNISTD_H 1
| #define HAVE_DLFCN_H 1
| #define LT_OBJDIR ".libs/"
| /* end confdefs.h.  */
| #include <ac_nonexistent.h>
configure:13927: checking for ld used by g++
configure:13994: result: /usr/bin/ld -m elf_x86_64
configure:14001: checking if the linker (/usr/bin/ld -m elf_x86_64) is GNU ld
configure:14016: result: yes
configure:14071: checking whether the g++ linker (/usr/bin/ld -m elf_x86_64) supports shared libraries
configure:15144: result: yes
configure:15180: g++ -c -g -O2  -D_REENTRANT -D_FILE_OFFSET_BITS=64 -D_LARGEFILE_SOURCE conftest.cpp >&5
configure:15183: $? = 0
configure:15664: checking for g++ option to produce PIC
configure:15671: result: -fPIC -DPIC
configure:15679: checking if g++ PIC flag -fPIC -DPIC works
configure:15697: g++ -c -g -O2  -D_REENTRANT -D_FILE_OFFSET_BITS=64 -D_LARGEFILE_SOURCE -fPIC -DPIC -DPIC conftest.cpp >&5
configure:15701: $? = 0
configure:15714: result: yes
configure:15737: checking if g++ static flag -static works
configure:15765: result: yes
configure:15777: checking if g++ supports -c -o file.o
configure:15798: g++ -c -g -O2  -D_REENTRANT -D_FILE_OFFSET_BITS=64 -D_LARGEFILE_SOURCE -o out/conftest2.o conftest.cpp >&5
configure:15802: $? = 0
configure:15824: result: yes
configure:15829: checking if g++ supports -c -o file.o
configure:15876: result: yes
configure:15906: checking whether the g++ linker (/usr/bin/ld -m elf_x86_64) supports shared libraries
configure:15949: result: yes
configure:16090: checking dynamic linker characteristics
configure:16847: result: GNU/Linux ld.so
configure:16912: checking how to hardcode library paths into programs
configure:16937: result: immediate
configure:17009: checking dependency style of gcc
configure:17118: result: gcc3
configure:17214: checking for pkg-config
configure:17232: found /usr/bin/pkg-config
configure:17244: result: /usr/bin/pkg-config
configure:17269: checking pkg-config is at least version 0.9.0
configure:17272: result: yes
configure:17282: checking for FOLLY
configure:17289: $PKG_CONFIG --exists --print-errors "libfolly"
Package libfolly was not found in the pkg-config search path.
Perhaps you should add the directory containing `libfolly.pc'
to the PKG_CONFIG_PATH environment variable
No package 'libfolly' found
configure:17292: $? = 1
configure:17306: $PKG_CONFIG --exists --print-errors "libfolly"
Package libfolly was not found in the pkg-config search path.
Perhaps you should add the directory containing `libfolly.pc'
to the PKG_CONFIG_PATH environment variable
No package 'libfolly' found
configure:17309: $? = 1
configure:17323: result: no
No package 'libfolly' found
configure:17498: checking for python
configure:17516: found /usr/bin/python
configure:17528: result: /usr/bin/python
configure:17549: checking for python version
configure:17556: result: 2.7
configure:17568: checking for python platform
configure:17575: result: linux2
configure:17601: checking for python script directory
configure:17636: result: ${prefix}/lib/python2.7/dist-packages
configure:17645: checking for python extension module directory
configure:17680: result: ${exec_prefix}/lib/python2.7/dist-packages
configure:17738: checking for pcre-config
configure:17769: result: false
configure:17787: checking for PCRE using false
configure:17791: result: failed
configure:17936: checking for library containing pthread_create
configure:17967: gcc -o conftest -g -O2  -D_REENTRANT -D_FILE_OFFSET_BITS=64 -D_LARGEFILE_SOURCE  conftest.c  >&5
/tmp/cc3vxXYV.o: In function `main':
/home/deedat5/Desktop/RN/Radel/watchman/conftest.c:37: undefined reference to `pthread_create'
collect2: error: ld returned 1 exit status
configure:17967: $? = 1
configure: failed program was:
| /* confdefs.h */
| #define PACKAGE_NAME "watchman"
| #define PACKAGE_TARNAME "watchman"
| #define PACKAGE_VERSION "4.9.0"
| #define PACKAGE_STRING "watchman 4.9.0"
| #define PACKAGE_BUGREPORT ""
| #define PACKAGE_URL ""
| #define PACKAGE "watchman"
| #define VERSION "4.9.0"
| #define HAVE_CXX11 1
| #define STDC_HEADERS 1
| #define HAVE_SYS_TYPES_H 1
| #define HAVE_SYS_STAT_H 1
| #define HAVE_STDLIB_H 1
| #define HAVE_STRING_H 1
| #define HAVE_MEMORY_H 1
| #define HAVE_STRINGS_H 1
| #define HAVE_INTTYPES_H 1
| #define HAVE_STDINT_H 1
| #define HAVE_UNISTD_H 1
| #define HAVE_DLFCN_H 1
| #define LT_OBJDIR ".libs/"
| #define WATCHMAN_CONFIG_FILE "/etc/watchman.json"
| #define WATCHMAN_STATE_DIR "/usr/local/var/run/watchman"
| /* end confdefs.h.  */
| 
| /* Override any GCC internal prototype to avoid an error.
|    Use char because int might match the return type of a GCC
|    builtin and then its argument prototype would still apply.  */
| #ifdef __cplusplus
| extern "C"
| #endif
| char pthread_create ();
| int
| main ()
| {
| return pthread_create ();
|   ;
|   return 0;
| }
configure:17967: gcc -o conftest -g -O2  -D_REENTRANT -D_FILE_OFFSET_BITS=64 -D_LARGEFILE_SOURCE  conftest.c -lpthread   >&5
configure:17967: $? = 0
configure:17984: result: -lpthread
configure:17992: checking for library containing socket
configure:18023: gcc -o conftest -g -O2  -D_REENTRANT -D_FILE_OFFSET_BITS=64 -D_LARGEFILE_SOURCE  conftest.c -lpthread  >&5
configure:18023: $? = 0
configure:18040: result: none required
configure:18048: checking for library containing SHA1_Init
configure:18079: gcc -o conftest -g -O2  -D_REENTRANT -D_FILE_OFFSET_BITS=64 -D_LARGEFILE_SOURCE  conftest.c -lpthread  >&5
/tmp/ccwunwO8.o: In function `main':
/home/deedat5/Desktop/RN/Radel/watchman/conftest.c:37: undefined reference to `SHA1_Init'
collect2: error: ld returned 1 exit status
configure:18079: $? = 1
configure: failed program was:
| /* confdefs.h */
| #define PACKAGE_NAME "watchman"
| #define PACKAGE_TARNAME "watchman"
| #define PACKAGE_VERSION "4.9.0"
| #define PACKAGE_STRING "watchman 4.9.0"
| #define PACKAGE_BUGREPORT ""
| #define PACKAGE_URL ""
| #define PACKAGE "watchman"
| #define VERSION "4.9.0"
| #define HAVE_CXX11 1
| #define STDC_HEADERS 1
| #define HAVE_SYS_TYPES_H 1
| #define HAVE_SYS_STAT_H 1
| #define HAVE_STDLIB_H 1
| #define HAVE_STRING_H 1
| #define HAVE_MEMORY_H 1
| #define HAVE_STRINGS_H 1
| #define HAVE_INTTYPES_H 1
| #define HAVE_STDINT_H 1
| #define HAVE_UNISTD_H 1
| #define HAVE_DLFCN_H 1
| #define LT_OBJDIR ".libs/"
| #define WATCHMAN_CONFIG_FILE "/etc/watchman.json"
| #define WATCHMAN_STATE_DIR "/usr/local/var/run/watchman"
| /* end confdefs.h.  */
| 
| /* Override any GCC internal prototype to avoid an error.
|    Use char because int might match the return type of a GCC
|    builtin and then its argument prototype would still apply.  */
| #ifdef __cplusplus
| extern "C"
| #endif
| char SHA1_Init ();
| int
| main ()
| {
| return SHA1_Init ();
|   ;
|   return 0;
| }
configure:18079: gcc -o conftest -g -O2  -D_REENTRANT -D_FILE_OFFSET_BITS=64 -D_LARGEFILE_SOURCE  conftest.c -lcrypto  -lpthread  >&5
configure:18079: $? = 0
configure:18096: result: -lcrypto
configure:18108: checking for sys/types.h
configure:18108: result: yes
configure:18108: checking for inttypes.h
configure:18108: result: yes
configure:18108: checking locale.h usability
configure:18108: gcc -c -g -O2  -D_REENTRANT -D_FILE_OFFSET_BITS=64 -D_LARGEFILE_SOURCE conftest.c >&5
configure:18108: $? = 0
configure:18108: result: yes
configure:18108: checking locale.h presence
configure:18108: gcc -E  -D_REENTRANT -D_FILE_OFFSET_BITS=64 -D_LARGEFILE_SOURCE conftest.c
configure:18108: $? = 0
configure:18108: result: yes
configure:18108: checking for locale.h
configure:18108: result: yes
configure:18108: checking port.h usability
configure:18108: gcc -c -g -O2  -D_REENTRANT -D_FILE_OFFSET_BITS=64 -D_LARGEFILE_SOURCE conftest.c >&5
conftest.c:62:10: fatal error: port.h: No such file or directory
 #include <port.h>
          ^~~~~~~~
compilation terminated.
configure:18108: $? = 1
configure: failed program was:
| /* confdefs.h */
| #define PACKAGE_NAME "watchman"
| #define PACKAGE_TARNAME "watchman"
| #define PACKAGE_VERSION "4.9.0"
| #define PACKAGE_STRING "watchman 4.9.0"
| #define PACKAGE_BUGREPORT ""
| #define PACKAGE_URL ""
| #define PACKAGE "watchman"
| #define VERSION "4.9.0"
| #define HAVE_CXX11 1
| #define STDC_HEADERS 1
| #define HAVE_SYS_TYPES_H 1
| #define HAVE_SYS_STAT_H 1
| #define HAVE_STDLIB_H 1
| #define HAVE_STRING_H 1
| #define HAVE_MEMORY_H 1
| #define HAVE_STRINGS_H 1
| #define HAVE_INTTYPES_H 1
| #define HAVE_STDINT_H 1
| #define HAVE_UNISTD_H 1
| #define HAVE_DLFCN_H 1
| #define LT_OBJDIR ".libs/"
| #define WATCHMAN_CONFIG_FILE "/etc/watchman.json"
| #define WATCHMAN_STATE_DIR "/usr/local/var/run/watchman"
| #define HAVE_SYS_TYPES_H 1
| #define HAVE_INTTYPES_H 1
| #define HAVE_LOCALE_H 1
| /* end confdefs.h.  */
| #include <stdio.h>
| #ifdef HAVE_SYS_TYPES_H
| # include <sys/types.h>
| #endif
| #ifdef HAVE_SYS_STAT_H
| # include <sys/stat.h>
| #endif
| #ifdef STDC_HEADERS
| # include <stdlib.h>
| # include <stddef.h>
| #else
| # ifdef HAVE_STDLIB_H
| #  include <stdlib.h>
| # endif
| #endif
| #ifdef HAVE_STRING_H
| # if !defined STDC_HEADERS && defined HAVE_MEMORY_H
| #  include <memory.h>
| # endif
| # include <string.h>
| #endif
| #ifdef HAVE_STRINGS_H
| # include <strings.h>
| #endif
| #ifdef HAVE_INTTYPES_H
| # include <inttypes.h>
| #endif
| #ifdef HAVE_STDINT_H
| # include <stdint.h>
| #endif
| #ifdef HAVE_UNISTD_H
| # include <unistd.h>
| #endif
| #include <port.h>
configure:18108: result: no
configure:18108: checking port.h presence
configure:18108: gcc -E  -D_REENTRANT -D_FILE_OFFSET_BITS=64 -D_LARGEFILE_SOURCE conftest.c
conftest.c:29:10: fatal error: port.h: No such file or directory
 #include <port.h>
          ^~~~~~~~
compilation terminated.
configure:18108: $? = 1
configure: failed program was:
| /* confdefs.h */
| #define PACKAGE_NAME "watchman"
| #define PACKAGE_TARNAME "watchman"
| #define PACKAGE_VERSION "4.9.0"
| #define PACKAGE_STRING "watchman 4.9.0"
| #define PACKAGE_BUGREPORT ""
| #define PACKAGE_URL ""
| #define PACKAGE "watchman"
| #define VERSION "4.9.0"
| #define HAVE_CXX11 1
| #define STDC_HEADERS 1
| #define HAVE_SYS_TYPES_H 1
| #define HAVE_SYS_STAT_H 1
| #define HAVE_STDLIB_H 1
| #define HAVE_STRING_H 1
| #define HAVE_MEMORY_H 1
| #define HAVE_STRINGS_H 1
| #define HAVE_INTTYPES_H 1
| #define HAVE_STDINT_H 1
| #define HAVE_UNISTD_H 1
| #define HAVE_DLFCN_H 1
| #define LT_OBJDIR ".libs/"
| #define WATCHMAN_CONFIG_FILE "/etc/watchman.json"
| #define WATCHMAN_STATE_DIR "/usr/local/var/run/watchman"
| #define HAVE_SYS_TYPES_H 1
| #define HAVE_INTTYPES_H 1
| #define HAVE_LOCALE_H 1
| /* end confdefs.h.  */
| #include <port.h>
configure:18108: result: no
configure:18108: checking for port.h
configure:18108: result: no
configure:18108: checking sys/inotify.h usability
configure:18108: gcc -c -g -O2  -D_REENTRANT -D_FILE_OFFSET_BITS=64 -D_LARGEFILE_SOURCE conftest.c >&5
configure:18108: $? = 0
configure:18108: result: yes
configure:18108: checking sys/inotify.h presence
configure:18108: gcc -E  -D_REENTRANT -D_FILE_OFFSET_BITS=64 -D_LARGEFILE_SOURCE conftest.c
configure:18108: $? = 0
configure:18108: result: yes
configure:18108: checking for sys/inotify.h
configure:18108: result: yes
configure:18108: checking sys/event.h usability
configure:18108: gcc -c -g -O2  -D_REENTRANT -D_FILE_OFFSET_BITS=64 -D_LARGEFILE_SOURCE conftest.c >&5
conftest.c:63:10: fatal error: sys/event.h: No such file or directory
 #include <sys/event.h>
          ^~~~~~~~~~~~~
compilation terminated.
configure:18108: $? = 1
configure: failed program was:
| /* confdefs.h */
| #define PACKAGE_NAME "watchman"
| #define PACKAGE_TARNAME "watchman"
| #define PACKAGE_VERSION "4.9.0"
| #define PACKAGE_STRING "watchman 4.9.0"
| #define PACKAGE_BUGREPORT ""
| #define PACKAGE_URL ""
| #define PACKAGE "watchman"
| #define VERSION "4.9.0"
| #define HAVE_CXX11 1
| #define STDC_HEADERS 1
| #define HAVE_SYS_TYPES_H 1
| #define HAVE_SYS_STAT_H 1
| #define HAVE_STDLIB_H 1
| #define HAVE_STRING_H 1
| #define HAVE_MEMORY_H 1
| #define HAVE_STRINGS_H 1
| #define HAVE_INTTYPES_H 1
| #define HAVE_STDINT_H 1
| #define HAVE_UNISTD_H 1
| #define HAVE_DLFCN_H 1
| #define LT_OBJDIR ".libs/"
| #define WATCHMAN_CONFIG_FILE "/etc/watchman.json"
| #define WATCHMAN_STATE_DIR "/usr/local/var/run/watchman"
| #define HAVE_SYS_TYPES_H 1
| #define HAVE_INTTYPES_H 1
| #define HAVE_LOCALE_H 1
| #define HAVE_SYS_INOTIFY_H 1
| /* end confdefs.h.  */
| #include <stdio.h>
| #ifdef HAVE_SYS_TYPES_H
| # include <sys/types.h>
| #endif
| #ifdef HAVE_SYS_STAT_H
| # include <sys/stat.h>
| #endif
| #ifdef STDC_HEADERS
| # include <stdlib.h>
| # include <stddef.h>
| #else
| # ifdef HAVE_STDLIB_H
| #  include <stdlib.h>
| # endif
| #endif
| #ifdef HAVE_STRING_H
| # if !defined STDC_HEADERS && defined HAVE_MEMORY_H
| #  include <memory.h>
| # endif
| # include <string.h>
| #endif
| #ifdef HAVE_STRINGS_H
| # include <strings.h>
| #endif
| #ifdef HAVE_INTTYPES_H
| # include <inttypes.h>
| #endif
| #ifdef HAVE_STDINT_H
| # include <stdint.h>
| #endif
| #ifdef HAVE_UNISTD_H
| # include <unistd.h>
| #endif
| #include <sys/event.h>
configure:18108: result: no
configure:18108: checking sys/event.h presence
configure:18108: gcc -E  -D_REENTRANT -D_FILE_OFFSET_BITS=64 -D_LARGEFILE_SOURCE conftest.c
conftest.c:30:10: fatal error: sys/event.h: No such file or directory
 #include <sys/event.h>
          ^~~~~~~~~~~~~
compilation terminated.
configure:18108: $? = 1
configure: failed program was:
| /* confdefs.h */
| #define PACKAGE_NAME "watchman"
| #define PACKAGE_TARNAME "watchman"
| #define PACKAGE_VERSION "4.9.0"
| #define PACKAGE_STRING "watchman 4.9.0"
| #define PACKAGE_BUGREPORT ""
| #define PACKAGE_URL ""
| #define PACKAGE "watchman"
| #define VERSION "4.9.0"
| #define HAVE_CXX11 1
| #define STDC_HEADERS 1
| #define HAVE_SYS_TYPES_H 1
| #define HAVE_SYS_STAT_H 1
| #define HAVE_STDLIB_H 1
| #define HAVE_STRING_H 1
| #define HAVE_MEMORY_H 1
| #define HAVE_STRINGS_H 1
| #define HAVE_INTTYPES_H 1
| #define HAVE_STDINT_H 1
| #define HAVE_UNISTD_H 1
| #define HAVE_DLFCN_H 1
| #define LT_OBJDIR ".libs/"
| #define WATCHMAN_CONFIG_FILE "/etc/watchman.json"
| #define WATCHMAN_STATE_DIR "/usr/local/var/run/watchman"
| #define HAVE_SYS_TYPES_H 1
| #define HAVE_INTTYPES_H 1
| #define HAVE_LOCALE_H 1
| #define HAVE_SYS_INOTIFY_H 1
| /* end confdefs.h.  */
| #include <sys/event.h>
configure:18108: result: no
configure:18108: checking for sys/event.h
configure:18108: result: no
configure:18121: checking sys/ucred.h usability
configure:18121: gcc -c -g -O2  -D_REENTRANT -D_FILE_OFFSET_BITS=64 -D_LARGEFILE_SOURCE conftest.c >&5
conftest.c:63:10: fatal error: sys/ucred.h: No such file or directory
 #include <sys/ucred.h>
          ^~~~~~~~~~~~~
compilation terminated.
configure:18121: $? = 1
configure: failed program was:
| /* confdefs.h */
| #define PACKAGE_NAME "watchman"
| #define PACKAGE_TARNAME "watchman"
| #define PACKAGE_VERSION "4.9.0"
| #define PACKAGE_STRING "watchman 4.9.0"
| #define PACKAGE_BUGREPORT ""
| #define PACKAGE_URL ""
| #define PACKAGE "watchman"
| #define VERSION "4.9.0"
| #define HAVE_CXX11 1
| #define STDC_HEADERS 1
| #define HAVE_SYS_TYPES_H 1
| #define HAVE_SYS_STAT_H 1
| #define HAVE_STDLIB_H 1
| #define HAVE_STRING_H 1
| #define HAVE_MEMORY_H 1
| #define HAVE_STRINGS_H 1
| #define HAVE_INTTYPES_H 1
| #define HAVE_STDINT_H 1
| #define HAVE_UNISTD_H 1
| #define HAVE_DLFCN_H 1
| #define LT_OBJDIR ".libs/"
| #define WATCHMAN_CONFIG_FILE "/etc/watchman.json"
| #define WATCHMAN_STATE_DIR "/usr/local/var/run/watchman"
| #define HAVE_SYS_TYPES_H 1
| #define HAVE_INTTYPES_H 1
| #define HAVE_LOCALE_H 1
| #define HAVE_SYS_INOTIFY_H 1
| /* end confdefs.h.  */
| #include <stdio.h>
| #ifdef HAVE_SYS_TYPES_H
| # include <sys/types.h>
| #endif
| #ifdef HAVE_SYS_STAT_H
| # include <sys/stat.h>
| #endif
| #ifdef STDC_HEADERS
| # include <stdlib.h>
| # include <stddef.h>
| #else
| # ifdef HAVE_STDLIB_H
| #  include <stdlib.h>
| # endif
| #endif
| #ifdef HAVE_STRING_H
| # if !defined STDC_HEADERS && defined HAVE_MEMORY_H
| #  include <memory.h>
| # endif
| # include <string.h>
| #endif
| #ifdef HAVE_STRINGS_H
| # include <strings.h>
| #endif
| #ifdef HAVE_INTTYPES_H
| # include <inttypes.h>
| #endif
| #ifdef HAVE_STDINT_H
| # include <stdint.h>
| #endif
| #ifdef HAVE_UNISTD_H
| # include <unistd.h>
| #endif
| #include <sys/ucred.h>
configure:18121: result: no
configure:18121: checking sys/ucred.h presence
configure:18121: gcc -E  -D_REENTRANT -D_FILE_OFFSET_BITS=64 -D_LARGEFILE_SOURCE conftest.c
conftest.c:30:10: fatal error: sys/ucred.h: No such file or directory
 #include <sys/ucred.h>
          ^~~~~~~~~~~~~
compilation terminated.
configure:18121: $? = 1
configure: failed program was:
| /* confdefs.h */
| #define PACKAGE_NAME "watchman"
| #define PACKAGE_TARNAME "watchman"
| #define PACKAGE_VERSION "4.9.0"
| #define PACKAGE_STRING "watchman 4.9.0"
| #define PACKAGE_BUGREPORT ""
| #define PACKAGE_URL ""
| #define PACKAGE "watchman"
| #define VERSION "4.9.0"
| #define HAVE_CXX11 1
| #define STDC_HEADERS 1
| #define HAVE_SYS_TYPES_H 1
| #define HAVE_SYS_STAT_H 1
| #define HAVE_STDLIB_H 1
| #define HAVE_STRING_H 1
| #define HAVE_MEMORY_H 1
| #define HAVE_STRINGS_H 1
| #define HAVE_INTTYPES_H 1
| #define HAVE_STDINT_H 1
| #define HAVE_UNISTD_H 1
| #define HAVE_DLFCN_H 1
| #define LT_OBJDIR ".libs/"
| #define WATCHMAN_CONFIG_FILE "/etc/watchman.json"
| #define WATCHMAN_STATE_DIR "/usr/local/var/run/watchman"
| #define HAVE_SYS_TYPES_H 1
| #define HAVE_INTTYPES_H 1
| #define HAVE_LOCALE_H 1
| #define HAVE_SYS_INOTIFY_H 1
| /* end confdefs.h.  */
| #include <sys/ucred.h>
configure:18121: result: no
configure:18121: checking for sys/ucred.h
configure:18121: result: no
configure:18121: checking sys/socket.h usability
configure:18121: gcc -c -g -O2  -D_REENTRANT -D_FILE_OFFSET_BITS=64 -D_LARGEFILE_SOURCE conftest.c >&5
configure:18121: $? = 0
configure:18121: result: yes
configure:18121: checking sys/socket.h presence
configure:18121: gcc -E  -D_REENTRANT -D_FILE_OFFSET_BITS=64 -D_LARGEFILE_SOURCE conftest.c
configure:18121: $? = 0
configure:18121: result: yes
configure:18121: checking for sys/socket.h
configure:18121: result: yes
configure:18134: checking for mkostemp
configure:18134: gcc -o conftest -g -O2  -D_REENTRANT -D_FILE_OFFSET_BITS=64 -D_LARGEFILE_SOURCE  conftest.c -lcrypto -lpthread  >&5
configure:18134: $? = 0
configure:18134: result: yes
configure:18134: checking for kqueue
configure:18134: gcc -o conftest -g -O2  -D_REENTRANT -D_FILE_OFFSET_BITS=64 -D_LARGEFILE_SOURCE  conftest.c -lcrypto -lpthread  >&5
/tmp/ccb0xME9.o: In function `main':
/home/deedat5/Desktop/RN/Radel/watchman/conftest.c:66: undefined reference to `kqueue'
collect2: error: ld returned 1 exit status
configure:18134: $? = 1
configure: failed program was:
| /* confdefs.h */
| #define PACKAGE_NAME "watchman"
| #define PACKAGE_TARNAME "watchman"
| #define PACKAGE_VERSION "4.9.0"
| #define PACKAGE_STRING "watchman 4.9.0"
| #define PACKAGE_BUGREPORT ""
| #define PACKAGE_URL ""
| #define PACKAGE "watchman"
| #define VERSION "4.9.0"
| #define HAVE_CXX11 1
| #define STDC_HEADERS 1
| #define HAVE_SYS_TYPES_H 1
| #define HAVE_SYS_STAT_H 1
| #define HAVE_STDLIB_H 1
| #define HAVE_STRING_H 1
| #define HAVE_MEMORY_H 1
| #define HAVE_STRINGS_H 1
| #define HAVE_INTTYPES_H 1
| #define HAVE_STDINT_H 1
| #define HAVE_UNISTD_H 1
| #define HAVE_DLFCN_H 1
| #define LT_OBJDIR ".libs/"
| #define WATCHMAN_CONFIG_FILE "/etc/watchman.json"
| #define WATCHMAN_STATE_DIR "/usr/local/var/run/watchman"
| #define HAVE_SYS_TYPES_H 1
| #define HAVE_INTTYPES_H 1
| #define HAVE_LOCALE_H 1
| #define HAVE_SYS_INOTIFY_H 1
| #define HAVE_SYS_SOCKET_H 1
| #define HAVE_MKOSTEMP 1
| /* end confdefs.h.  */
| /* Define kqueue to an innocuous variant, in case <limits.h> declares kqueue.
|    For example, HP-UX 11i <limits.h> declares gettimeofday.  */
| #define kqueue innocuous_kqueue
| 
| /* System header to define __stub macros and hopefully few prototypes,
|     which can conflict with char kqueue (); below.
|     Prefer <limits.h> to <assert.h> if __STDC__ is defined, since
|     <limits.h> exists even on freestanding compilers.  */
| 
| #ifdef __STDC__
| # include <limits.h>
| #else
| # include <assert.h>
| #endif
| 
| #undef kqueue
| 
| /* Override any GCC internal prototype to avoid an error.
|    Use char because int might match the return type of a GCC
|    builtin and then its argument prototype would still apply.  */
| #ifdef __cplusplus
| extern "C"
| #endif
| char kqueue ();
| /* The GNU C library defines this for functions which it implements
|     to always fail with ENOSYS.  Some functions are actually named
|     something starting with __ and the normal name is an alias.  */
| #if defined __stub_kqueue || defined __stub___kqueue
| choke me
| #endif
| 
| int
| main ()
| {
| return kqueue ();
|   ;
|   return 0;
| }
configure:18134: result: no
configure:18134: checking for port_create
configure:18134: gcc -o conftest -g -O2  -D_REENTRANT -D_FILE_OFFSET_BITS=64 -D_LARGEFILE_SOURCE  conftest.c -lcrypto -lpthread  >&5
/tmp/cc5dH6if.o: In function `main':
/home/deedat5/Desktop/RN/Radel/watchman/conftest.c:66: undefined reference to `port_create'
collect2: error: ld returned 1 exit status
configure:18134: $? = 1
configure: failed program was:
| /* confdefs.h */
| #define PACKAGE_NAME "watchman"
| #define PACKAGE_TARNAME "watchman"
| #define PACKAGE_VERSION "4.9.0"
| #define PACKAGE_STRING "watchman 4.9.0"
| #define PACKAGE_BUGREPORT ""
| #define PACKAGE_URL ""
| #define PACKAGE "watchman"
| #define VERSION "4.9.0"
| #define HAVE_CXX11 1
| #define STDC_HEADERS 1
| #define HAVE_SYS_TYPES_H 1
| #define HAVE_SYS_STAT_H 1
| #define HAVE_STDLIB_H 1
| #define HAVE_STRING_H 1
| #define HAVE_MEMORY_H 1
| #define HAVE_STRINGS_H 1
| #define HAVE_INTTYPES_H 1
| #define HAVE_STDINT_H 1
| #define HAVE_UNISTD_H 1
| #define HAVE_DLFCN_H 1
| #define LT_OBJDIR ".libs/"
| #define WATCHMAN_CONFIG_FILE "/etc/watchman.json"
| #define WATCHMAN_STATE_DIR "/usr/local/var/run/watchman"
| #define HAVE_SYS_TYPES_H 1
| #define HAVE_INTTYPES_H 1
| #define HAVE_LOCALE_H 1
| #define HAVE_SYS_INOTIFY_H 1
| #define HAVE_SYS_SOCKET_H 1
| #define HAVE_MKOSTEMP 1
| /* end confdefs.h.  */
| /* Define port_create to an innocuous variant, in case <limits.h> declares port_create.
|    For example, HP-UX 11i <limits.h> declares gettimeofday.  */
| #define port_create innocuous_port_create
| 
| /* System header to define __stub macros and hopefully few prototypes,
|     which can conflict with char port_create (); below.
|     Prefer <limits.h> to <assert.h> if __STDC__ is defined, since
|     <limits.h> exists even on freestanding compilers.  */
| 
| #ifdef __STDC__
| # include <limits.h>
| #else
| # include <assert.h>
| #endif
| 
| #undef port_create
| 
| /* Override any GCC internal prototype to avoid an error.
|    Use char because int might match the return type of a GCC
|    builtin and then its argument prototype would still apply.  */
| #ifdef __cplusplus
| extern "C"
| #endif
| char port_create ();
| /* The GNU C library defines this for functions which it implements
|     to always fail with ENOSYS.  Some functions are actually named
|     something starting with __ and the normal name is an alias.  */
| #if defined __stub_port_create || defined __stub___port_create
| choke me
| #endif
| 
| int
| main ()
| {
| return port_create ();
|   ;
|   return 0;
| }
configure:18134: result: no
configure:18134: checking for inotify_init
configure:18134: gcc -o conftest -g -O2  -D_REENTRANT -D_FILE_OFFSET_BITS=64 -D_LARGEFILE_SOURCE  conftest.c -lcrypto -lpthread  >&5
configure:18134: $? = 0
configure:18134: result: yes
configure:18134: checking for strtoll
configure:18134: gcc -o conftest -g -O2  -D_REENTRANT -D_FILE_OFFSET_BITS=64 -D_LARGEFILE_SOURCE  conftest.c -lcrypto -lpthread  >&5
configure:18134: $? = 0
configure:18134: result: yes
configure:18134: checking for localeconv
configure:18134: gcc -o conftest -g -O2  -D_REENTRANT -D_FILE_OFFSET_BITS=64 -D_LARGEFILE_SOURCE  conftest.c -lcrypto -lpthread  >&5
configure:18134: $? = 0
configure:18134: result: yes
configure:18134: checking for statfs
configure:18134: gcc -o conftest -g -O2  -D_REENTRANT -D_FILE_OFFSET_BITS=64 -D_LARGEFILE_SOURCE  conftest.c -lcrypto -lpthread  >&5
configure:18134: $? = 0
configure:18134: result: yes
configure:18146: checking for accept4
configure:18146: gcc -o conftest -g -O2  -D_REENTRANT -D_FILE_OFFSET_BITS=64 -D_LARGEFILE_SOURCE  conftest.c -lcrypto -lpthread  >&5
configure:18146: $? = 0
configure:18146: result: yes
configure:18146: checking for inotify_init1
configure:18146: gcc -o conftest -g -O2  -D_REENTRANT -D_FILE_OFFSET_BITS=64 -D_LARGEFILE_SOURCE  conftest.c -lcrypto -lpthread  >&5
configure:18146: $? = 0
configure:18146: result: yes
configure:18146: checking for getattrlistbulk
configure:18146: gcc -o conftest -g -O2  -D_REENTRANT -D_FILE_OFFSET_BITS=64 -D_LARGEFILE_SOURCE  conftest.c -lcrypto -lpthread  >&5
/tmp/ccRszB1I.o: In function `main':
/home/deedat5/Desktop/RN/Radel/watchman/conftest.c:72: undefined reference to `getattrlistbulk'
collect2: error: ld returned 1 exit status
configure:18146: $? = 1
configure: failed program was:
| /* confdefs.h */
| #define PACKAGE_NAME "watchman"
| #define PACKAGE_TARNAME "watchman"
| #define PACKAGE_VERSION "4.9.0"
| #define PACKAGE_STRING "watchman 4.9.0"
| #define PACKAGE_BUGREPORT ""
| #define PACKAGE_URL ""
| #define PACKAGE "watchman"
| #define VERSION "4.9.0"
| #define HAVE_CXX11 1
| #define STDC_HEADERS 1
| #define HAVE_SYS_TYPES_H 1
| #define HAVE_SYS_STAT_H 1
| #define HAVE_STDLIB_H 1
| #define HAVE_STRING_H 1
| #define HAVE_MEMORY_H 1
| #define HAVE_STRINGS_H 1
| #define HAVE_INTTYPES_H 1
| #define HAVE_STDINT_H 1
| #define HAVE_UNISTD_H 1
| #define HAVE_DLFCN_H 1
| #define LT_OBJDIR ".libs/"
| #define WATCHMAN_CONFIG_FILE "/etc/watchman.json"
| #define WATCHMAN_STATE_DIR "/usr/local/var/run/watchman"
| #define HAVE_SYS_TYPES_H 1
| #define HAVE_INTTYPES_H 1
| #define HAVE_LOCALE_H 1
| #define HAVE_SYS_INOTIFY_H 1
| #define HAVE_SYS_SOCKET_H 1
| #define HAVE_MKOSTEMP 1
| #define HAVE_INOTIFY_INIT 1
| #define HAVE_STRTOLL 1
| #define HAVE_LOCALECONV 1
| #define HAVE_STATFS 1
| #define HAVE_ACCEPT4 1
| #define HAVE_INOTIFY_INIT1 1
| /* end confdefs.h.  */
| /* Define getattrlistbulk to an innocuous variant, in case <limits.h> declares getattrlistbulk.
|    For example, HP-UX 11i <limits.h> declares gettimeofday.  */
| #define getattrlistbulk innocuous_getattrlistbulk
| 
| /* System header to define __stub macros and hopefully few prototypes,
|     which can conflict with char getattrlistbulk (); below.
|     Prefer <limits.h> to <assert.h> if __STDC__ is defined, since
|     <limits.h> exists even on freestanding compilers.  */
| 
| #ifdef __STDC__
| # include <limits.h>
| #else
| # include <assert.h>
| #endif
| 
| #undef getattrlistbulk
| 
| /* Override any GCC internal prototype to avoid an error.
|    Use char because int might match the return type of a GCC
|    builtin and then its argument prototype would still apply.  */
| #ifdef __cplusplus
| extern "C"
| #endif
| char getattrlistbulk ();
| /* The GNU C library defines this for functions which it implements
|     to always fail with ENOSYS.  Some functions are actually named
|     something starting with __ and the normal name is an alias.  */
| #if defined __stub_getattrlistbulk || defined __stub___getattrlistbulk
| choke me
| #endif
| 
| int
| main ()
| {
| return getattrlistbulk ();
|   ;
|   return 0;
| }
configure:18146: result: no
configure:18146: checking for openat
configure:18146: gcc -o conftest -g -O2  -D_REENTRANT -D_FILE_OFFSET_BITS=64 -D_LARGEFILE_SOURCE  conftest.c -lcrypto -lpthread  >&5
configure:18146: $? = 0
configure:18146: result: yes
configure:18146: checking for fdopendir
configure:18146: gcc -o conftest -g -O2  -D_REENTRANT -D_FILE_OFFSET_BITS=64 -D_LARGEFILE_SOURCE  conftest.c -lcrypto -lpthread  >&5
configure:18146: $? = 0
configure:18146: result: yes
configure:18146: checking for pipe2
configure:18146: gcc -o conftest -g -O2  -D_REENTRANT -D_FILE_OFFSET_BITS=64 -D_LARGEFILE_SOURCE  conftest.c -lcrypto -lpthread  >&5
configure:18146: $? = 0
configure:18146: result: yes
configure:18158: checking for sys/vfs.h
configure:18158: gcc -c -g -O2  -D_REENTRANT -D_FILE_OFFSET_BITS=64 -D_LARGEFILE_SOURCE conftest.c >&5
configure:18158: $? = 0
configure:18158: result: yes
configure:18158: checking for sys/param.h
configure:18158: gcc -c -g -O2  -D_REENTRANT -D_FILE_OFFSET_BITS=64 -D_LARGEFILE_SOURCE conftest.c >&5
configure:18158: $? = 0
configure:18158: result: yes
configure:18158: checking for sys/mount.h
configure:18158: gcc -c -g -O2  -D_REENTRANT -D_FILE_OFFSET_BITS=64 -D_LARGEFILE_SOURCE conftest.c >&5
configure:18158: $? = 0
configure:18158: result: yes
configure:18158: checking for sys/statfs.h
configure:18158: gcc -c -g -O2  -D_REENTRANT -D_FILE_OFFSET_BITS=64 -D_LARGEFILE_SOURCE conftest.c >&5
configure:18158: $? = 0
configure:18158: result: yes
configure:18158: checking for sys/statvfs.h
configure:18158: gcc -c -g -O2  -D_REENTRANT -D_FILE_OFFSET_BITS=64 -D_LARGEFILE_SOURCE conftest.c >&5
configure:18158: $? = 0
configure:18158: result: yes
configure:18174: checking valgrind/valgrind.h usability
configure:18174: gcc -c -g -O2  -D_REENTRANT -D_FILE_OFFSET_BITS=64 -D_LARGEFILE_SOURCE conftest.c >&5
conftest.c:79:10: fatal error: valgrind/valgrind.h: No such file or directory
 #include <valgrind/valgrind.h>
          ^~~~~~~~~~~~~~~~~~~~~
compilation terminated.
configure:18174: $? = 1
configure: failed program was:
| /* confdefs.h */
| #define PACKAGE_NAME "watchman"
| #define PACKAGE_TARNAME "watchman"
| #define PACKAGE_VERSION "4.9.0"
| #define PACKAGE_STRING "watchman 4.9.0"
| #define PACKAGE_BUGREPORT ""
| #define PACKAGE_URL ""
| #define PACKAGE "watchman"
| #define VERSION "4.9.0"
| #define HAVE_CXX11 1
| #define STDC_HEADERS 1
| #define HAVE_SYS_TYPES_H 1
| #define HAVE_SYS_STAT_H 1
| #define HAVE_STDLIB_H 1
| #define HAVE_STRING_H 1
| #define HAVE_MEMORY_H 1
| #define HAVE_STRINGS_H 1
| #define HAVE_INTTYPES_H 1
| #define HAVE_STDINT_H 1
| #define HAVE_UNISTD_H 1
| #define HAVE_DLFCN_H 1
| #define LT_OBJDIR ".libs/"
| #define WATCHMAN_CONFIG_FILE "/etc/watchman.json"
| #define WATCHMAN_STATE_DIR "/usr/local/var/run/watchman"
| #define HAVE_SYS_TYPES_H 1
| #define HAVE_INTTYPES_H 1
| #define HAVE_LOCALE_H 1
| #define HAVE_SYS_INOTIFY_H 1
| #define HAVE_SYS_SOCKET_H 1
| #define HAVE_MKOSTEMP 1
| #define HAVE_INOTIFY_INIT 1
| #define HAVE_STRTOLL 1
| #define HAVE_LOCALECONV 1
| #define HAVE_STATFS 1
| #define HAVE_ACCEPT4 1
| #define HAVE_INOTIFY_INIT1 1
| #define HAVE_OPENAT 1
| #define HAVE_FDOPENDIR 1
| #define HAVE_PIPE2 1
| #define HAVE_SYS_VFS_H 1
| #define HAVE_SYS_PARAM_H 1
| #define HAVE_SYS_MOUNT_H 1
| #define HAVE_SYS_STATFS_H 1
| #define HAVE_SYS_STATVFS_H 1
| /* end confdefs.h.  */
| #include <stdio.h>
| #ifdef HAVE_SYS_TYPES_H
| # include <sys/types.h>
| #endif
| #ifdef HAVE_SYS_STAT_H
| # include <sys/stat.h>
| #endif
| #ifdef STDC_HEADERS
| # include <stdlib.h>
| # include <stddef.h>
| #else
| # ifdef HAVE_STDLIB_H
| #  include <stdlib.h>
| # endif
| #endif
| #ifdef HAVE_STRING_H
| # if !defined STDC_HEADERS && defined HAVE_MEMORY_H
| #  include <memory.h>
| # endif
| # include <string.h>
| #endif
| #ifdef HAVE_STRINGS_H
| # include <strings.h>
| #endif
| #ifdef HAVE_INTTYPES_H
| # include <inttypes.h>
| #endif
| #ifdef HAVE_STDINT_H
| # include <stdint.h>
| #endif
| #ifdef HAVE_UNISTD_H
| # include <unistd.h>
| #endif
| #include <valgrind/valgrind.h>
configure:18174: result: no
configure:18174: checking valgrind/valgrind.h presence
configure:18174: gcc -E  -D_REENTRANT -D_FILE_OFFSET_BITS=64 -D_LARGEFILE_SOURCE conftest.c
conftest.c:46:10: fatal error: valgrind/valgrind.h: No such file or directory
 #include <valgrind/valgrind.h>
          ^~~~~~~~~~~~~~~~~~~~~
compilation terminated.
configure:18174: $? = 1
configure: failed program was:
| /* confdefs.h */
| #define PACKAGE_NAME "watchman"
| #define PACKAGE_TARNAME "watchman"
| #define PACKAGE_VERSION "4.9.0"
| #define PACKAGE_STRING "watchman 4.9.0"
| #define PACKAGE_BUGREPORT ""
| #define PACKAGE_URL ""
| #define PACKAGE "watchman"
| #define VERSION "4.9.0"
| #define HAVE_CXX11 1
| #define STDC_HEADERS 1
| #define HAVE_SYS_TYPES_H 1
| #define HAVE_SYS_STAT_H 1
| #define HAVE_STDLIB_H 1
| #define HAVE_STRING_H 1
| #define HAVE_MEMORY_H 1
| #define HAVE_STRINGS_H 1
| #define HAVE_INTTYPES_H 1
| #define HAVE_STDINT_H 1
| #define HAVE_UNISTD_H 1
| #define HAVE_DLFCN_H 1
| #define LT_OBJDIR ".libs/"
| #define WATCHMAN_CONFIG_FILE "/etc/watchman.json"
| #define WATCHMAN_STATE_DIR "/usr/local/var/run/watchman"
| #define HAVE_SYS_TYPES_H 1
| #define HAVE_INTTYPES_H 1
| #define HAVE_LOCALE_H 1
| #define HAVE_SYS_INOTIFY_H 1
| #define HAVE_SYS_SOCKET_H 1
| #define HAVE_MKOSTEMP 1
| #define HAVE_INOTIFY_INIT 1
| #define HAVE_STRTOLL 1
| #define HAVE_LOCALECONV 1
| #define HAVE_STATFS 1
| #define HAVE_ACCEPT4 1
| #define HAVE_INOTIFY_INIT1 1
| #define HAVE_OPENAT 1
| #define HAVE_FDOPENDIR 1
| #define HAVE_PIPE2 1
| #define HAVE_SYS_VFS_H 1
| #define HAVE_SYS_PARAM_H 1
| #define HAVE_SYS_MOUNT_H 1
| #define HAVE_SYS_STATFS_H 1
| #define HAVE_SYS_STATVFS_H 1
| /* end confdefs.h.  */
| #include <valgrind/valgrind.h>
configure:18174: result: no
configure:18174: checking for valgrind/valgrind.h
configure:18174: result: no
configure:18187: checking execinfo.h usability
configure:18187: gcc -c -g -O2  -D_REENTRANT -D_FILE_OFFSET_BITS=64 -D_LARGEFILE_SOURCE conftest.c >&5
configure:18187: $? = 0
configure:18187: result: yes
configure:18187: checking execinfo.h presence
configure:18187: gcc -E  -D_REENTRANT -D_FILE_OFFSET_BITS=64 -D_LARGEFILE_SOURCE conftest.c
configure:18187: $? = 0
configure:18187: result: yes
configure:18187: checking for execinfo.h
configure:18187: result: yes
configure:18187: checking sys/resource.h usability
configure:18187: gcc -c -g -O2  -D_REENTRANT -D_FILE_OFFSET_BITS=64 -D_LARGEFILE_SOURCE conftest.c >&5
configure:18187: $? = 0
configure:18187: result: yes
configure:18187: checking sys/resource.h presence
configure:18187: gcc -E  -D_REENTRANT -D_FILE_OFFSET_BITS=64 -D_LARGEFILE_SOURCE conftest.c
configure:18187: $? = 0
configure:18187: result: yes
configure:18187: checking for sys/resource.h
configure:18187: result: yes
configure:18199: checking CoreServices/CoreServices.h usability
configure:18199: gcc -c -g -O2  -D_REENTRANT -D_FILE_OFFSET_BITS=64 -D_LARGEFILE_SOURCE conftest.c >&5
conftest.c:81:10: fatal error: CoreServices/CoreServices.h: No such file or directory
 #include <CoreServices/CoreServices.h>
          ^~~~~~~~~~~~~~~~~~~~~~~~~~~~~
compilation terminated.
configure:18199: $? = 1
configure: failed program was:
| /* confdefs.h */
| #define PACKAGE_NAME "watchman"
| #define PACKAGE_TARNAME "watchman"
| #define PACKAGE_VERSION "4.9.0"
| #define PACKAGE_STRING "watchman 4.9.0"
| #define PACKAGE_BUGREPORT ""
| #define PACKAGE_URL ""
| #define PACKAGE "watchman"
| #define VERSION "4.9.0"
| #define HAVE_CXX11 1
| #define STDC_HEADERS 1
| #define HAVE_SYS_TYPES_H 1
| #define HAVE_SYS_STAT_H 1
| #define HAVE_STDLIB_H 1
| #define HAVE_STRING_H 1
| #define HAVE_MEMORY_H 1
| #define HAVE_STRINGS_H 1
| #define HAVE_INTTYPES_H 1
| #define HAVE_STDINT_H 1
| #define HAVE_UNISTD_H 1
| #define HAVE_DLFCN_H 1
| #define LT_OBJDIR ".libs/"
| #define WATCHMAN_CONFIG_FILE "/etc/watchman.json"
| #define WATCHMAN_STATE_DIR "/usr/local/var/run/watchman"
| #define HAVE_SYS_TYPES_H 1
| #define HAVE_INTTYPES_H 1
| #define HAVE_LOCALE_H 1
| #define HAVE_SYS_INOTIFY_H 1
| #define HAVE_SYS_SOCKET_H 1
| #define HAVE_MKOSTEMP 1
| #define HAVE_INOTIFY_INIT 1
| #define HAVE_STRTOLL 1
| #define HAVE_LOCALECONV 1
| #define HAVE_STATFS 1
| #define HAVE_ACCEPT4 1
| #define HAVE_INOTIFY_INIT1 1
| #define HAVE_OPENAT 1
| #define HAVE_FDOPENDIR 1
| #define HAVE_PIPE2 1
| #define HAVE_SYS_VFS_H 1
| #define HAVE_SYS_PARAM_H 1
| #define HAVE_SYS_MOUNT_H 1
| #define HAVE_SYS_STATFS_H 1
| #define HAVE_SYS_STATVFS_H 1
| #define HAVE_EXECINFO_H 1
| #define HAVE_SYS_RESOURCE_H 1
| /* end confdefs.h.  */
| #include <stdio.h>
| #ifdef HAVE_SYS_TYPES_H
| # include <sys/types.h>
| #endif
| #ifdef HAVE_SYS_STAT_H
| # include <sys/stat.h>
| #endif
| #ifdef STDC_HEADERS
| # include <stdlib.h>
| # include <stddef.h>
| #else
| # ifdef HAVE_STDLIB_H
| #  include <stdlib.h>
| # endif
| #endif
| #ifdef HAVE_STRING_H
| # if !defined STDC_HEADERS && defined HAVE_MEMORY_H
| #  include <memory.h>
| # endif
| # include <string.h>
| #endif
| #ifdef HAVE_STRINGS_H
| # include <strings.h>
| #endif
| #ifdef HAVE_INTTYPES_H
| # include <inttypes.h>
| #endif
| #ifdef HAVE_STDINT_H
| # include <stdint.h>
| #endif
| #ifdef HAVE_UNISTD_H
| # include <unistd.h>
| #endif
| #include <CoreServices/CoreServices.h>
configure:18199: result: no
configure:18199: checking CoreServices/CoreServices.h presence
configure:18199: gcc -E  -D_REENTRANT -D_FILE_OFFSET_BITS=64 -D_LARGEFILE_SOURCE conftest.c
conftest.c:48:10: fatal error: CoreServices/CoreServices.h: No such file or directory
 #include <CoreServices/CoreServices.h>
          ^~~~~~~~~~~~~~~~~~~~~~~~~~~~~
compilation terminated.
configure:18199: $? = 1
configure: failed program was:
| /* confdefs.h */
| #define PACKAGE_NAME "watchman"
| #define PACKAGE_TARNAME "watchman"
| #define PACKAGE_VERSION "4.9.0"
| #define PACKAGE_STRING "watchman 4.9.0"
| #define PACKAGE_BUGREPORT ""
| #define PACKAGE_URL ""
| #define PACKAGE "watchman"
| #define VERSION "4.9.0"
| #define HAVE_CXX11 1
| #define STDC_HEADERS 1
| #define HAVE_SYS_TYPES_H 1
| #define HAVE_SYS_STAT_H 1
| #define HAVE_STDLIB_H 1
| #define HAVE_STRING_H 1
| #define HAVE_MEMORY_H 1
| #define HAVE_STRINGS_H 1
| #define HAVE_INTTYPES_H 1
| #define HAVE_STDINT_H 1
| #define HAVE_UNISTD_H 1
| #define HAVE_DLFCN_H 1
| #define LT_OBJDIR ".libs/"
| #define WATCHMAN_CONFIG_FILE "/etc/watchman.json"
| #define WATCHMAN_STATE_DIR "/usr/local/var/run/watchman"
| #define HAVE_SYS_TYPES_H 1
| #define HAVE_INTTYPES_H 1
| #define HAVE_LOCALE_H 1
| #define HAVE_SYS_INOTIFY_H 1
| #define HAVE_SYS_SOCKET_H 1
| #define HAVE_MKOSTEMP 1
| #define HAVE_INOTIFY_INIT 1
| #define HAVE_STRTOLL 1
| #define HAVE_LOCALECONV 1
| #define HAVE_STATFS 1
| #define HAVE_ACCEPT4 1
| #define HAVE_INOTIFY_INIT1 1
| #define HAVE_OPENAT 1
| #define HAVE_FDOPENDIR 1
| #define HAVE_PIPE2 1
| #define HAVE_SYS_VFS_H 1
| #define HAVE_SYS_PARAM_H 1
| #define HAVE_SYS_MOUNT_H 1
| #define HAVE_SYS_STATFS_H 1
| #define HAVE_SYS_STATVFS_H 1
| #define HAVE_EXECINFO_H 1
| #define HAVE_SYS_RESOURCE_H 1
| /* end confdefs.h.  */
| #include <CoreServices/CoreServices.h>
configure:18199: result: no
configure:18199: checking for CoreServices/CoreServices.h
configure:18199: result: no
configure:18213: checking for FSEventStreamSetExclusionPaths
configure:18213: gcc -o conftest -g -O2  -D_REENTRANT -D_FILE_OFFSET_BITS=64 -D_LARGEFILE_SOURCE  conftest.c -lcrypto -lpthread  >&5
/tmp/ccHBcnuG.o: In function `main':
/home/deedat5/Desktop/RN/Radel/watchman/conftest.c:82: undefined reference to `FSEventStreamSetExclusionPaths'
collect2: error: ld returned 1 exit status
configure:18213: $? = 1
configure: failed program was:
| /* confdefs.h */
| #define PACKAGE_NAME "watchman"
| #define PACKAGE_TARNAME "watchman"
| #define PACKAGE_VERSION "4.9.0"
| #define PACKAGE_STRING "watchman 4.9.0"
| #define PACKAGE_BUGREPORT ""
| #define PACKAGE_URL ""
| #define PACKAGE "watchman"
| #define VERSION "4.9.0"
| #define HAVE_CXX11 1
| #define STDC_HEADERS 1
| #define HAVE_SYS_TYPES_H 1
| #define HAVE_SYS_STAT_H 1
| #define HAVE_STDLIB_H 1
| #define HAVE_STRING_H 1
| #define HAVE_MEMORY_H 1
| #define HAVE_STRINGS_H 1
| #define HAVE_INTTYPES_H 1
| #define HAVE_STDINT_H 1
| #define HAVE_UNISTD_H 1
| #define HAVE_DLFCN_H 1
| #define LT_OBJDIR ".libs/"
| #define WATCHMAN_CONFIG_FILE "/etc/watchman.json"
| #define WATCHMAN_STATE_DIR "/usr/local/var/run/watchman"
| #define HAVE_SYS_TYPES_H 1
| #define HAVE_INTTYPES_H 1
| #define HAVE_LOCALE_H 1
| #define HAVE_SYS_INOTIFY_H 1
| #define HAVE_SYS_SOCKET_H 1
| #define HAVE_MKOSTEMP 1
| #define HAVE_INOTIFY_INIT 1
| #define HAVE_STRTOLL 1
| #define HAVE_LOCALECONV 1
| #define HAVE_STATFS 1
| #define HAVE_ACCEPT4 1
| #define HAVE_INOTIFY_INIT1 1
| #define HAVE_OPENAT 1
| #define HAVE_FDOPENDIR 1
| #define HAVE_PIPE2 1
| #define HAVE_SYS_VFS_H 1
| #define HAVE_SYS_PARAM_H 1
| #define HAVE_SYS_MOUNT_H 1
| #define HAVE_SYS_STATFS_H 1
| #define HAVE_SYS_STATVFS_H 1
| #define HAVE_EXECINFO_H 1
| #define HAVE_SYS_RESOURCE_H 1
| /* end confdefs.h.  */
| /* Define FSEventStreamSetExclusionPaths to an innocuous variant, in case <limits.h> declares FSEventStreamSetExclusionPaths.
|    For example, HP-UX 11i <limits.h> declares gettimeofday.  */
| #define FSEventStreamSetExclusionPaths innocuous_FSEventStreamSetExclusionPaths
| 
| /* System header to define __stub macros and hopefully few prototypes,
|     which can conflict with char FSEventStreamSetExclusionPaths (); below.
|     Prefer <limits.h> to <assert.h> if __STDC__ is defined, since
|     <limits.h> exists even on freestanding compilers.  */
| 
| #ifdef __STDC__
| # include <limits.h>
| #else
| # include <assert.h>
| #endif
| 
| #undef FSEventStreamSetExclusionPaths
| 
| /* Override any GCC internal prototype to avoid an error.
|    Use char because int might match the return type of a GCC
|    builtin and then its argument prototype would still apply.  */
| #ifdef __cplusplus
| extern "C"
| #endif
| char FSEventStreamSetExclusionPaths ();
| /* The GNU C library defines this for functions which it implements
|     to always fail with ENOSYS.  Some functions are actually named
|     something starting with __ and the normal name is an alias.  */
| #if defined __stub_FSEventStreamSetExclusionPaths || defined __stub___FSEventStreamSetExclusionPaths
| choke me
| #endif
| 
| int
| main ()
| {
| return FSEventStreamSetExclusionPaths ();
|   ;
|   return 0;
| }
configure:18213: result: no
configure:18225: checking for backtrace
configure:18225: gcc -o conftest -g -O2  -D_REENTRANT -D_FILE_OFFSET_BITS=64 -D_LARGEFILE_SOURCE  conftest.c -lcrypto -lpthread  >&5
configure:18225: $? = 0
configure:18225: result: yes
configure:18225: checking for backtrace_symbols
configure:18225: gcc -o conftest -g -O2  -D_REENTRANT -D_FILE_OFFSET_BITS=64 -D_LARGEFILE_SOURCE  conftest.c -lcrypto -lpthread  >&5
configure:18225: $? = 0
configure:18225: result: yes
configure:18225: checking for backtrace_symbols_fd
configure:18225: gcc -o conftest -g -O2  -D_REENTRANT -D_FILE_OFFSET_BITS=64 -D_LARGEFILE_SOURCE  conftest.c -lcrypto -lpthread  >&5
configure:18225: $? = 0
configure:18225: result: yes
configure:18236: checking for sys_siglist
configure:18236: gcc -o conftest -g -O2  -D_REENTRANT -D_FILE_OFFSET_BITS=64 -D_LARGEFILE_SOURCE  conftest.c -lcrypto -lpthread  >&5
configure:18236: $? = 0
configure:18236: result: yes
configure:18247: checking for memmem
configure:18247: gcc -o conftest -g -O2  -D_REENTRANT -D_FILE_OFFSET_BITS=64 -D_LARGEFILE_SOURCE  conftest.c -lcrypto -lpthread  >&5
configure:18247: $? = 0
configure:18247: result: yes
configure:18258: checking for struct statvfs.f_fstypename
configure:18258: gcc -c -g -O2  -D_REENTRANT -D_FILE_OFFSET_BITS=64 -D_LARGEFILE_SOURCE conftest.c >&5
conftest.c: In function 'main':
conftest.c:59:12: error: 'struct statvfs' has no member named 'f_fstypename'
 if (ac_aggr.f_fstypename)
            ^
configure:18258: $? = 1
configure: failed program was:
| /* confdefs.h */
| #define PACKAGE_NAME "watchman"
| #define PACKAGE_TARNAME "watchman"
| #define PACKAGE_VERSION "4.9.0"
| #define PACKAGE_STRING "watchman 4.9.0"
| #define PACKAGE_BUGREPORT ""
| #define PACKAGE_URL ""
| #define PACKAGE "watchman"
| #define VERSION "4.9.0"
| #define HAVE_CXX11 1
| #define STDC_HEADERS 1
| #define HAVE_SYS_TYPES_H 1
| #define HAVE_SYS_STAT_H 1
| #define HAVE_STDLIB_H 1
| #define HAVE_STRING_H 1
| #define HAVE_MEMORY_H 1
| #define HAVE_STRINGS_H 1
| #define HAVE_INTTYPES_H 1
| #define HAVE_STDINT_H 1
| #define HAVE_UNISTD_H 1
| #define HAVE_DLFCN_H 1
| #define LT_OBJDIR ".libs/"
| #define WATCHMAN_CONFIG_FILE "/etc/watchman.json"
| #define WATCHMAN_STATE_DIR "/usr/local/var/run/watchman"
| #define HAVE_SYS_TYPES_H 1
| #define HAVE_INTTYPES_H 1
| #define HAVE_LOCALE_H 1
| #define HAVE_SYS_INOTIFY_H 1
| #define HAVE_SYS_SOCKET_H 1
| #define HAVE_MKOSTEMP 1
| #define HAVE_INOTIFY_INIT 1
| #define HAVE_STRTOLL 1
| #define HAVE_LOCALECONV 1
| #define HAVE_STATFS 1
| #define HAVE_ACCEPT4 1
| #define HAVE_INOTIFY_INIT1 1
| #define HAVE_OPENAT 1
| #define HAVE_FDOPENDIR 1
| #define HAVE_PIPE2 1
| #define HAVE_SYS_VFS_H 1
| #define HAVE_SYS_PARAM_H 1
| #define HAVE_SYS_MOUNT_H 1
| #define HAVE_SYS_STATFS_H 1
| #define HAVE_SYS_STATVFS_H 1
| #define HAVE_EXECINFO_H 1
| #define HAVE_SYS_RESOURCE_H 1
| #define HAVE_BACKTRACE 1
| #define HAVE_BACKTRACE_SYMBOLS 1
| #define HAVE_BACKTRACE_SYMBOLS_FD 1
| #define HAVE_SYS_SIGLIST 1
| #define HAVE_MEMMEM 1
| /* end confdefs.h.  */
| #include <sys/statvfs.h>
| 
| int
| main ()
| {
| static struct statvfs ac_aggr;
| if (ac_aggr.f_fstypename)
| return 0;
|   ;
|   return 0;
| }
configure:18258: gcc -c -g -O2  -D_REENTRANT -D_FILE_OFFSET_BITS=64 -D_LARGEFILE_SOURCE conftest.c >&5
conftest.c: In function 'main':
conftest.c:59:19: error: 'struct statvfs' has no member named 'f_fstypename'
 if (sizeof ac_aggr.f_fstypename)
                   ^
configure:18258: $? = 1
configure: failed program was:
| /* confdefs.h */
| #define PACKAGE_NAME "watchman"
| #define PACKAGE_TARNAME "watchman"
| #define PACKAGE_VERSION "4.9.0"
| #define PACKAGE_STRING "watchman 4.9.0"
| #define PACKAGE_BUGREPORT ""
| #define PACKAGE_URL ""
| #define PACKAGE "watchman"
| #define VERSION "4.9.0"
| #define HAVE_CXX11 1
| #define STDC_HEADERS 1
| #define HAVE_SYS_TYPES_H 1
| #define HAVE_SYS_STAT_H 1
| #define HAVE_STDLIB_H 1
| #define HAVE_STRING_H 1
| #define HAVE_MEMORY_H 1
| #define HAVE_STRINGS_H 1
| #define HAVE_INTTYPES_H 1
| #define HAVE_STDINT_H 1
| #define HAVE_UNISTD_H 1
| #define HAVE_DLFCN_H 1
| #define LT_OBJDIR ".libs/"
| #define WATCHMAN_CONFIG_FILE "/etc/watchman.json"
| #define WATCHMAN_STATE_DIR "/usr/local/var/run/watchman"
| #define HAVE_SYS_TYPES_H 1
| #define HAVE_INTTYPES_H 1
| #define HAVE_LOCALE_H 1
| #define HAVE_SYS_INOTIFY_H 1
| #define HAVE_SYS_SOCKET_H 1
| #define HAVE_MKOSTEMP 1
| #define HAVE_INOTIFY_INIT 1
| #define HAVE_STRTOLL 1
| #define HAVE_LOCALECONV 1
| #define HAVE_STATFS 1
| #define HAVE_ACCEPT4 1
| #define HAVE_INOTIFY_INIT1 1
| #define HAVE_OPENAT 1
| #define HAVE_FDOPENDIR 1
| #define HAVE_PIPE2 1
| #define HAVE_SYS_VFS_H 1
| #define HAVE_SYS_PARAM_H 1
| #define HAVE_SYS_MOUNT_H 1
| #define HAVE_SYS_STATFS_H 1
| #define HAVE_SYS_STATVFS_H 1
| #define HAVE_EXECINFO_H 1
| #define HAVE_SYS_RESOURCE_H 1
| #define HAVE_BACKTRACE 1
| #define HAVE_BACKTRACE_SYMBOLS 1
| #define HAVE_BACKTRACE_SYMBOLS_FD 1
| #define HAVE_SYS_SIGLIST 1
| #define HAVE_MEMMEM 1
| /* end confdefs.h.  */
| #include <sys/statvfs.h>
| 
| int
| main ()
| {
| static struct statvfs ac_aggr;
| if (sizeof ac_aggr.f_fstypename)
| return 0;
|   ;
|   return 0;
| }
configure:18258: result: no
configure:18270: checking for struct statvfs.f_basetype
configure:18270: gcc -c -g -O2  -D_REENTRANT -D_FILE_OFFSET_BITS=64 -D_LARGEFILE_SOURCE conftest.c >&5
conftest.c: In function 'main':
conftest.c:59:13: error: 'struct statvfs' has no member named 'f_basetype'; did you mean 'f_bsize'?
 if (ac_aggr.f_basetype)
             ^~~~~~~~~~
             f_bsize
configure:18270: $? = 1
configure: failed program was:
| /* confdefs.h */
| #define PACKAGE_NAME "watchman"
| #define PACKAGE_TARNAME "watchman"
| #define PACKAGE_VERSION "4.9.0"
| #define PACKAGE_STRING "watchman 4.9.0"
| #define PACKAGE_BUGREPORT ""
| #define PACKAGE_URL ""
| #define PACKAGE "watchman"
| #define VERSION "4.9.0"
| #define HAVE_CXX11 1
| #define STDC_HEADERS 1
| #define HAVE_SYS_TYPES_H 1
| #define HAVE_SYS_STAT_H 1
| #define HAVE_STDLIB_H 1
| #define HAVE_STRING_H 1
| #define HAVE_MEMORY_H 1
| #define HAVE_STRINGS_H 1
| #define HAVE_INTTYPES_H 1
| #define HAVE_STDINT_H 1
| #define HAVE_UNISTD_H 1
| #define HAVE_DLFCN_H 1
| #define LT_OBJDIR ".libs/"
| #define WATCHMAN_CONFIG_FILE "/etc/watchman.json"
| #define WATCHMAN_STATE_DIR "/usr/local/var/run/watchman"
| #define HAVE_SYS_TYPES_H 1
| #define HAVE_INTTYPES_H 1
| #define HAVE_LOCALE_H 1
| #define HAVE_SYS_INOTIFY_H 1
| #define HAVE_SYS_SOCKET_H 1
| #define HAVE_MKOSTEMP 1
| #define HAVE_INOTIFY_INIT 1
| #define HAVE_STRTOLL 1
| #define HAVE_LOCALECONV 1
| #define HAVE_STATFS 1
| #define HAVE_ACCEPT4 1
| #define HAVE_INOTIFY_INIT1 1
| #define HAVE_OPENAT 1
| #define HAVE_FDOPENDIR 1
| #define HAVE_PIPE2 1
| #define HAVE_SYS_VFS_H 1
| #define HAVE_SYS_PARAM_H 1
| #define HAVE_SYS_MOUNT_H 1
| #define HAVE_SYS_STATFS_H 1
| #define HAVE_SYS_STATVFS_H 1
| #define HAVE_EXECINFO_H 1
| #define HAVE_SYS_RESOURCE_H 1
| #define HAVE_BACKTRACE 1
| #define HAVE_BACKTRACE_SYMBOLS 1
| #define HAVE_BACKTRACE_SYMBOLS_FD 1
| #define HAVE_SYS_SIGLIST 1
| #define HAVE_MEMMEM 1
| /* end confdefs.h.  */
| #include <sys/statvfs.h>
| 
| int
| main ()
| {
| static struct statvfs ac_aggr;
| if (ac_aggr.f_basetype)
| return 0;
|   ;
|   return 0;
| }
configure:18270: gcc -c -g -O2  -D_REENTRANT -D_FILE_OFFSET_BITS=64 -D_LARGEFILE_SOURCE conftest.c >&5
conftest.c: In function 'main':
conftest.c:59:20: error: 'struct statvfs' has no member named 'f_basetype'; did you mean 'f_bsize'?
 if (sizeof ac_aggr.f_basetype)
                    ^~~~~~~~~~
                    f_bsize
configure:18270: $? = 1
configure: failed program was:
| /* confdefs.h */
| #define PACKAGE_NAME "watchman"
| #define PACKAGE_TARNAME "watchman"
| #define PACKAGE_VERSION "4.9.0"
| #define PACKAGE_STRING "watchman 4.9.0"
| #define PACKAGE_BUGREPORT ""
| #define PACKAGE_URL ""
| #define PACKAGE "watchman"
| #define VERSION "4.9.0"
| #define HAVE_CXX11 1
| #define STDC_HEADERS 1
| #define HAVE_SYS_TYPES_H 1
| #define HAVE_SYS_STAT_H 1
| #define HAVE_STDLIB_H 1
| #define HAVE_STRING_H 1
| #define HAVE_MEMORY_H 1
| #define HAVE_STRINGS_H 1
| #define HAVE_INTTYPES_H 1
| #define HAVE_STDINT_H 1
| #define HAVE_UNISTD_H 1
| #define HAVE_DLFCN_H 1
| #define LT_OBJDIR ".libs/"
| #define WATCHMAN_CONFIG_FILE "/etc/watchman.json"
| #define WATCHMAN_STATE_DIR "/usr/local/var/run/watchman"
| #define HAVE_SYS_TYPES_H 1
| #define HAVE_INTTYPES_H 1
| #define HAVE_LOCALE_H 1
| #define HAVE_SYS_INOTIFY_H 1
| #define HAVE_SYS_SOCKET_H 1
| #define HAVE_MKOSTEMP 1
| #define HAVE_INOTIFY_INIT 1
| #define HAVE_STRTOLL 1
| #define HAVE_LOCALECONV 1
| #define HAVE_STATFS 1
| #define HAVE_ACCEPT4 1
| #define HAVE_INOTIFY_INIT1 1
| #define HAVE_OPENAT 1
| #define HAVE_FDOPENDIR 1
| #define HAVE_PIPE2 1
| #define HAVE_SYS_VFS_H 1
| #define HAVE_SYS_PARAM_H 1
| #define HAVE_SYS_MOUNT_H 1
| #define HAVE_SYS_STATFS_H 1
| #define HAVE_SYS_STATVFS_H 1
| #define HAVE_EXECINFO_H 1
| #define HAVE_SYS_RESOURCE_H 1
| #define HAVE_BACKTRACE 1
| #define HAVE_BACKTRACE_SYMBOLS 1
| #define HAVE_BACKTRACE_SYMBOLS_FD 1
| #define HAVE_SYS_SIGLIST 1
| #define HAVE_MEMMEM 1
| /* end confdefs.h.  */
| #include <sys/statvfs.h>
| 
| int
| main ()
| {
| static struct statvfs ac_aggr;
| if (sizeof ac_aggr.f_basetype)
| return 0;
|   ;
|   return 0;
| }
configure:18270: result: no
configure:18424: checking that generated files are newer than configure
configure:18430: result: done
configure:18482: creating ./config.status

## ---------------------- ##
## Running config.status. ##
## ---------------------- ##

This file was extended by watchman config.status 4.9.0, which was
generated by GNU Autoconf 2.69.  Invocation command line was

  CONFIG_FILES    = 
  CONFIG_HEADERS  = 
  CONFIG_LINKS    = 
  CONFIG_COMMANDS = 
  $ ./config.status 

on deedat5-HP-ProBook-4340s

config.status:1217: creating Makefile
config.status:1217: creating thirdparty/jansson/jansson_config.h
config.status:1217: creating cppclient/watchmanclient.pc
config.status:1217: creating config.h
config.status:1446: executing depfiles commands
config.status:1446: executing libtool commands

## ---------------- ##
## Cache variables. ##
## ---------------- ##

ac_cv_build=x86_64-pc-linux-gnu
ac_cv_c_bigendian=no
ac_cv_c_compiler_gnu=yes
ac_cv_c_inline=inline
ac_cv_cxx_compiler_gnu=yes
ac_cv_env_CCASFLAGS_set=
ac_cv_env_CCASFLAGS_value=
ac_cv_env_CCAS_set=
ac_cv_env_CCAS_value=
ac_cv_env_CCC_set=
ac_cv_env_CCC_value=
ac_cv_env_CC_set=
ac_cv_env_CC_value=
ac_cv_env_CFLAGS_set=
ac_cv_env_CFLAGS_value=
ac_cv_env_CPPFLAGS_set=
ac_cv_env_CPPFLAGS_value=
ac_cv_env_CPP_set=
ac_cv_env_CPP_value=
ac_cv_env_CXXCPP_set=
ac_cv_env_CXXCPP_value=
ac_cv_env_CXXFLAGS_set=
ac_cv_env_CXXFLAGS_value=
ac_cv_env_CXX_set=
ac_cv_env_CXX_value=
ac_cv_env_FOLLY_CFLAGS_set=
ac_cv_env_FOLLY_CFLAGS_value=
ac_cv_env_FOLLY_LIBS_set=
ac_cv_env_FOLLY_LIBS_value=
ac_cv_env_LDFLAGS_set=
ac_cv_env_LDFLAGS_value=
ac_cv_env_LIBS_set=
ac_cv_env_LIBS_value=
ac_cv_env_LT_SYS_LIBRARY_PATH_set=
ac_cv_env_LT_SYS_LIBRARY_PATH_value=
ac_cv_env_PKG_CONFIG_LIBDIR_set=
ac_cv_env_PKG_CONFIG_LIBDIR_value=
ac_cv_env_PKG_CONFIG_PATH_set=
ac_cv_env_PKG_CONFIG_PATH_value=
ac_cv_env_PKG_CONFIG_set=
ac_cv_env_PKG_CONFIG_value=
ac_cv_env_PYTHON_set=
ac_cv_env_PYTHON_value=
ac_cv_env_build_alias_set=
ac_cv_env_build_alias_value=
ac_cv_env_host_alias_set=
ac_cv_env_host_alias_value=
ac_cv_env_target_alias_set=
ac_cv_env_target_alias_value=
ac_cv_func_FSEventStreamSetExclusionPaths=no
ac_cv_func_accept4=yes
ac_cv_func_backtrace=yes
ac_cv_func_backtrace_symbols=yes
ac_cv_func_backtrace_symbols_fd=yes
ac_cv_func_fdopendir=yes
ac_cv_func_getattrlistbulk=no
ac_cv_func_inotify_init1=yes
ac_cv_func_inotify_init=yes
ac_cv_func_kqueue=no
ac_cv_func_localeconv=yes
ac_cv_func_memmem=yes
ac_cv_func_mkostemp=yes
ac_cv_func_openat=yes
ac_cv_func_pipe2=yes
ac_cv_func_port_create=no
ac_cv_func_statfs=yes
ac_cv_func_strtoll=yes
ac_cv_func_sys_siglist=yes
ac_cv_header_CoreServices_CoreServices_h=no
ac_cv_header_dlfcn_h=yes
ac_cv_header_execinfo_h=yes
ac_cv_header_inttypes_h=yes
ac_cv_header_locale_h=yes
ac_cv_header_memory_h=yes
ac_cv_header_port_h=no
ac_cv_header_stdc=yes
ac_cv_header_stdint_h=yes
ac_cv_header_stdlib_h=yes
ac_cv_header_string_h=yes
ac_cv_header_strings_h=yes
ac_cv_header_sys_event_h=no
ac_cv_header_sys_inotify_h=yes
ac_cv_header_sys_mount_h=yes
ac_cv_header_sys_param_h=yes
ac_cv_header_sys_resource_h=yes
ac_cv_header_sys_socket_h=yes
ac_cv_header_sys_stat_h=yes
ac_cv_header_sys_statfs_h=yes
ac_cv_header_sys_statvfs_h=yes
ac_cv_header_sys_types_h=yes
ac_cv_header_sys_ucred_h=no
ac_cv_header_sys_vfs_h=yes
ac_cv_header_unistd_h=yes
ac_cv_header_valgrind_valgrind_h=no
ac_cv_host=x86_64-pc-linux-gnu
ac_cv_member_struct_statvfs_f_basetype=no
ac_cv_member_struct_statvfs_f_fstypename=no
ac_cv_objext=o
ac_cv_path_EGREP='/bin/grep -E'
ac_cv_path_FGREP='/bin/grep -F'
ac_cv_path_GREP=/bin/grep
ac_cv_path_PCRE_CONFIG_PATH=false
ac_cv_path_PYTHON=/usr/bin/python
ac_cv_path_SED=/bin/sed
ac_cv_path_ac_pt_PKG_CONFIG=/usr/bin/pkg-config
ac_cv_path_install='/usr/bin/install -c'
ac_cv_path_lt_DD=/bin/dd
ac_cv_path_mkdir=/bin/mkdir
ac_cv_prog_AWK=mawk
ac_cv_prog_CPP='gcc -E'
ac_cv_prog_CXXCPP='g++ -E'
ac_cv_prog_ac_ct_AR=ar
ac_cv_prog_ac_ct_CC=gcc
ac_cv_prog_ac_ct_CXX=g++
ac_cv_prog_ac_ct_MANIFEST_TOOL=mt
ac_cv_prog_ac_ct_OBJDUMP=objdump
ac_cv_prog_ac_ct_RANLIB=ranlib
ac_cv_prog_ac_ct_STRIP=strip
ac_cv_prog_cc_c89=
ac_cv_prog_cc_g=yes
ac_cv_prog_cxx_g=yes
ac_cv_prog_make_make_set=yes
ac_cv_search_SHA1_Init=-lcrypto
ac_cv_search_pthread_create=-lpthread
ac_cv_search_socket='none required'
ac_cv_target=x86_64-pc-linux-gnu
am_cv_CCAS_dependencies_compiler_type=gcc3
am_cv_CC_dependencies_compiler_type=gcc3
am_cv_CXX_dependencies_compiler_type=gcc3
am_cv_make_support_nested_variables=yes
am_cv_prog_cc_c_o=yes
am_cv_python_platform=linux2
am_cv_python_pyexecdir='${exec_prefix}/lib/python2.7/dist-packages'
am_cv_python_pythondir='${prefix}/lib/python2.7/dist-packages'
am_cv_python_version=2.7
ax_cv_cxx_compile_cxx11=yes
lt_cv_ar_at_file=@
lt_cv_archive_cmds_need_lc=no
lt_cv_deplibs_check_method=pass_all
lt_cv_file_magic_cmd='$MAGIC_CMD'
lt_cv_file_magic_test_file=
lt_cv_ld_reload_flag=-r
lt_cv_nm_interface='BSD nm'
lt_cv_objdir=.libs
lt_cv_path_LD=/usr/bin/ld
lt_cv_path_LDCXX='/usr/bin/ld -m elf_x86_64'
lt_cv_path_NM='/usr/bin/nm -B'
lt_cv_path_mainfest_tool=no
lt_cv_prog_compiler_c_o=yes
lt_cv_prog_compiler_c_o_CXX=yes
lt_cv_prog_compiler_pic='-fPIC -DPIC'
lt_cv_prog_compiler_pic_CXX='-fPIC -DPIC'
lt_cv_prog_compiler_pic_works=yes
lt_cv_prog_compiler_pic_works_CXX=yes
lt_cv_prog_compiler_rtti_exceptions=no
lt_cv_prog_compiler_static_works=yes
lt_cv_prog_compiler_static_works_CXX=yes
lt_cv_prog_gnu_ld=yes
lt_cv_prog_gnu_ldcxx=yes
lt_cv_sharedlib_from_linklib_cmd='printf %s\n'
lt_cv_shlibpath_overrides_runpath=yes
lt_cv_sys_global_symbol_pipe='sed -n -e '\''s/^.*[	 ]\([ABCDGIRSTW][ABCDGIRSTW]*\)[	 ][	 ]*\([_A-Za-z][_A-Za-z0-9]*\)$/\1 \2 \2/p'\'' | sed '\''/ __gnu_lto/d'\'''
lt_cv_sys_global_symbol_to_c_name_address='sed -n -e '\''s/^: \(.*\) .*$/  {"\1", (void *) 0},/p'\'' -e '\''s/^[ABCDGIRSTW][ABCDGIRSTW]* .* \(.*\)$/  {"\1", (void *) \&\1},/p'\'''
lt_cv_sys_global_symbol_to_c_name_address_lib_prefix='sed -n -e '\''s/^: \(.*\) .*$/  {"\1", (void *) 0},/p'\'' -e '\''s/^[ABCDGIRSTW][ABCDGIRSTW]* .* \(lib.*\)$/  {"\1", (void *) \&\1},/p'\'' -e '\''s/^[ABCDGIRSTW][ABCDGIRSTW]* .* \(.*\)$/  {"lib\1", (void *) \&\1},/p'\'''
lt_cv_sys_global_symbol_to_cdecl='sed -n -e '\''s/^T .* \(.*\)$/extern int \1();/p'\'' -e '\''s/^[ABCDGIRSTW][ABCDGIRSTW]* .* \(.*\)$/extern char \1;/p'\'''
lt_cv_sys_global_symbol_to_import=
lt_cv_sys_max_cmd_len=1572864
lt_cv_to_host_file_cmd=func_convert_file_noop
lt_cv_to_tool_file_cmd=func_convert_file_noop
lt_cv_truncate_bin='/bin/dd bs=4096 count=1'

## ----------------- ##
## Output variables. ##
## ----------------- ##

ACLOCAL='${SHELL} /home/deedat5/Desktop/RN/Radel/watchman/missing aclocal-1.15'
AMDEPBACKSLASH='\'
AMDEP_FALSE='#'
AMDEP_TRUE=''
AMTAR='$${TAR-tar}'
AM_BACKSLASH='\'
AM_DEFAULT_V='$(AM_DEFAULT_VERBOSITY)'
AM_DEFAULT_VERBOSITY='0'
AM_V='$(V)'
AR='ar'
ARCHFLAGS=''
AUTOCONF='${SHELL} /home/deedat5/Desktop/RN/Radel/watchman/missing autoconf'
AUTOHEADER='${SHELL} /home/deedat5/Desktop/RN/Radel/watchman/missing autoheader'
AUTOMAKE='${SHELL} /home/deedat5/Desktop/RN/Radel/watchman/missing automake-1.15'
AWK='mawk'
CC='gcc'
CCAS='gcc'
CCASDEPMODE='depmode=gcc3'
CCASFLAGS='-g -O2'
CCDEPMODE='depmode=gcc3'
CFLAGS='-g -O2 -Wall -Wextra -Wdeclaration-after-statement -g -gdwarf-2 -fno-omit-frame-pointer'
CPP='gcc -E'
CPPFLAGS=' -D_REENTRANT -D_FILE_OFFSET_BITS=64 -D_LARGEFILE_SOURCE'
CXX='g++'
CXXCPP='g++ -E'
CXXDEPMODE='depmode=gcc3'
CXXFLAGS='-g -O2 -Wall -Wextra -g -gdwarf-2 -fno-omit-frame-pointer'
CYGPATH_W='echo'
DEFS='-DHAVE_CONFIG_H'
DEPDIR='.deps'
DEV_FSEVENTS_FALSE=''
DEV_FSEVENTS_TRUE='#'
DLLTOOL='false'
DSYMUTIL=''
DUMPBIN=''
ECHO_C=''
ECHO_N='-n'
ECHO_T=''
EGREP='/bin/grep -E'
ENABLE_CPPCLIENT_FALSE=''
ENABLE_CPPCLIENT_TRUE='#'
EXEEXT=''
FGREP='/bin/grep -F'
FOLLY_CFLAGS=''
FOLLY_LIBS=''
GREP='/bin/grep'
HAVE_CXX11='1'
HAVE_PYTHON_FALSE='#'
HAVE_PYTHON_TRUE=''
HAVE_RUBY_FALSE=''
HAVE_RUBY_TRUE='#'
INSTALL_DATA='${INSTALL} -m 644'
INSTALL_PROGRAM='${INSTALL}'
INSTALL_SCRIPT='${INSTALL}'
INSTALL_STRIP_PROGRAM='$(install_sh) -c -s'
IRONMANCFLAGS='-Werror'
LD='/usr/bin/ld -m elf_x86_64'
LDFLAGS=''
LIBOBJS=''
LIBS='-lcrypto -lpthread '
LIBTOOL='$(SHELL) $(top_builddir)/libtool'
LIPO=''
LN_S='ln -s'
LTLIBOBJS=''
LT_SYS_LIBRARY_PATH=''
MAKEINFO='${SHELL} /home/deedat5/Desktop/RN/Radel/watchman/missing makeinfo'
MANIFEST_TOOL=':'
MKDIR_P='/bin/mkdir -p'
NM='/usr/bin/nm -B'
NMEDIT=''
OBJDUMP='objdump'
OBJEXT='o'
OTOOL64=''
OTOOL=''
PACKAGE='watchman'
PACKAGE_BUGREPORT=''
PACKAGE_NAME='watchman'
PACKAGE_STRING='watchman 4.9.0'
PACKAGE_TARNAME='watchman'
PACKAGE_URL=''
PACKAGE_VERSION='4.9.0'
PATH_SEPARATOR=':'
PCRE_CONFIG_PATH='false'
PKG_CONFIG='/usr/bin/pkg-config'
PKG_CONFIG_LIBDIR=''
PKG_CONFIG_PATH=''
PYTHON='/usr/bin/python'
PYTHON_EXEC_PREFIX='${exec_prefix}'
PYTHON_PLATFORM='linux2'
PYTHON_PREFIX='${prefix}'
PYTHON_VERSION='2.7'
RANLIB='ranlib'
SED='/bin/sed'
SET_MAKE=''
SHELL='/bin/bash'
STRIP='strip'
VERSION='4.9.0'
WATCHMAN_STATE_DIR='/usr/local/var/run/watchman'
WATCHMAN_STATE_DIR_FALSE='#'
WATCHMAN_STATE_DIR_TRUE=''
ac_ct_AR='ar'
ac_ct_CC='gcc'
ac_ct_CXX='g++'
ac_ct_DUMPBIN=''
am__EXEEXT_FALSE=''
am__EXEEXT_TRUE='#'
am__fastdepCCAS_FALSE='#'
am__fastdepCCAS_TRUE=''
am__fastdepCC_FALSE='#'
am__fastdepCC_TRUE=''
am__fastdepCXX_FALSE='#'
am__fastdepCXX_TRUE=''
am__include='include'
am__isrc=''
am__leading_dot='.'
am__nodep='_no'
am__quote=''
am__tar='$${TAR-tar} chof - "$$tardir"'
am__untar='$${TAR-tar} xf -'
bindir='${exec_prefix}/bin'
build='x86_64-pc-linux-gnu'
build_alias=''
build_cpu='x86_64'
build_os='linux-gnu'
build_vendor='pc'
datadir='${datarootdir}'
datarootdir='${prefix}/share'
docdir='${datarootdir}/doc/${PACKAGE_TARNAME}'
dvidir='${docdir}'
exec_prefix='${prefix}'
host='x86_64-pc-linux-gnu'
host_alias=''
host_cpu='x86_64'
host_os='linux-gnu'
host_vendor='pc'
htmldir='${docdir}'
includedir='${prefix}/include'
infodir='${datarootdir}/info'
install_sh='${SHELL} /home/deedat5/Desktop/RN/Radel/watchman/install-sh'
libdir='${exec_prefix}/lib'
libexecdir='${exec_prefix}/libexec'
localedir='${datarootdir}/locale'
localstatedir='${prefix}/var'
mandir='${datarootdir}/man'
mkdir_p='$(MKDIR_P)'
oldincludedir='/usr/include'
pdfdir='${docdir}'
pkgpyexecdir='${pyexecdir}/watchman'
pkgpythondir='${pythondir}/watchman'
prefix='/usr/local'
program_transform_name='s,x,x,'
psdir='${docdir}'
pyexecdir='${exec_prefix}/lib/python2.7/dist-packages'
pythondir='${prefix}/lib/python2.7/dist-packages'
runstatedir='${localstatedir}/run'
sbindir='${exec_prefix}/sbin'
sharedstatedir='${prefix}/com'
sysconfdir='${prefix}/etc'
target='x86_64-pc-linux-gnu'
target_alias=''
target_cpu='x86_64'
target_os='linux-gnu'
target_vendor='pc'

## ----------- ##
## confdefs.h. ##
## ----------- ##

/* confdefs.h */
#define PACKAGE_NAME "watchman"
#define PACKAGE_TARNAME "watchman"
#define PACKAGE_VERSION "4.9.0"
#define PACKAGE_STRING "watchman 4.9.0"
#define PACKAGE_BUGREPORT ""
#define PACKAGE_URL ""
#define PACKAGE "watchman"
#define VERSION "4.9.0"
#define HAVE_CXX11 1
#define STDC_HEADERS 1
#define HAVE_SYS_TYPES_H 1
#define HAVE_SYS_STAT_H 1
#define HAVE_STDLIB_H 1
#define HAVE_STRING_H 1
#define HAVE_MEMORY_H 1
#define HAVE_STRINGS_H 1
#define HAVE_INTTYPES_H 1
#define HAVE_STDINT_H 1
#define HAVE_UNISTD_H 1
#define HAVE_DLFCN_H 1
#define LT_OBJDIR ".libs/"
#define WATCHMAN_CONFIG_FILE "/etc/watchman.json"
#define WATCHMAN_STATE_DIR "/usr/local/var/run/watchman"
#define HAVE_SYS_TYPES_H 1
#define HAVE_INTTYPES_H 1
#define HAVE_LOCALE_H 1
#define HAVE_SYS_INOTIFY_H 1
#define HAVE_SYS_SOCKET_H 1
#define HAVE_MKOSTEMP 1
#define HAVE_INOTIFY_INIT 1
#define HAVE_STRTOLL 1
#define HAVE_LOCALECONV 1
#define HAVE_STATFS 1
#define HAVE_ACCEPT4 1
#define HAVE_INOTIFY_INIT1 1
#define HAVE_OPENAT 1
#define HAVE_FDOPENDIR 1
#define HAVE_PIPE2 1
#define HAVE_SYS_VFS_H 1
#define HAVE_SYS_PARAM_H 1
#define HAVE_SYS_MOUNT_H 1
#define HAVE_SYS_STATFS_H 1
#define HAVE_SYS_STATVFS_H 1
#define HAVE_EXECINFO_H 1
#define HAVE_SYS_RESOURCE_H 1
#define HAVE_BACKTRACE 1
#define HAVE_BACKTRACE_SYMBOLS 1
#define HAVE_BACKTRACE_SYMBOLS_FD 1
#define HAVE_SYS_SIGLIST 1
#define HAVE_MEMMEM 1

configure: exit 0
